<?xml version="1.0" encoding="UTF-8"?>
<testsuite name="com.demo.tests.AddItemToCartTests" tests="1" skipped="0" failures="0" errors="0" timestamp="2025-09-21T10:33:09.107Z" hostname="DOM" time="0.721">
  <properties/>
  <testcase name="addToCardPositiveTest" classname="com.demo.tests.AddItemToCartTests" time="0.721"/>
  <system-out><![CDATA[12:33:05.365 [Test worker] INFO  com.demoWeb.fw.ApplicationManager -- Tests start in Chrome browser
12:33:07.658 [Test worker] INFO  com.demo.tests.TestBase -- Start testaddToCardPositiveTest
12:33:07.661 [Test worker] INFO  com.demoWeb.utils.MyListener -- Before find elements By.cssSelector: [href='/login']
12:33:07.662 [Test worker] INFO  com.demoWeb.utils.MyListener -- **********************************************************
12:33:07.731 [Test worker] INFO  com.demoWeb.utils.MyListener -- List size is 1
12:33:07.732 [Test worker] INFO  com.demoWeb.utils.MyListener -- **********************************************************
12:33:07.737 [Test worker] INFO  com.demoWeb.utils.MyListener -- Before find elements By.xpath: //h2[contains(text(),'Welcome to our store')]
12:33:07.737 [Test worker] INFO  com.demoWeb.utils.MyListener -- **********************************************************
12:33:07.756 [Test worker] INFO  com.demoWeb.utils.MyListener -- List size is 1
12:33:07.756 [Test worker] INFO  com.demoWeb.utils.MyListener -- **********************************************************
12:33:07.757 [Test worker] INFO  com.demoWeb.utils.MyListener -- The locator will find By.cssSelector: [href='/login']
12:33:07.757 [Test worker] INFO  com.demoWeb.utils.MyListener -- *******************************
12:33:07.773 [Test worker] INFO  com.demoWeb.utils.MyListener -- The locator is By.cssSelector: [href='/login']
12:33:07.773 [Test worker] INFO  com.demoWeb.utils.MyListener -- **********************************************************
12:33:08.179 [Test worker] INFO  com.demoWeb.utils.MyListener -- The locator will find By.id: Email
12:33:08.179 [Test worker] INFO  com.demoWeb.utils.MyListener -- *******************************
12:33:08.200 [Test worker] INFO  com.demoWeb.utils.MyListener -- The locator is By.id: Email
12:33:08.200 [Test worker] INFO  com.demoWeb.utils.MyListener -- **********************************************************
12:33:08.272 [Test worker] INFO  com.demoWeb.utils.MyListener -- The locator will find By.id: Email
12:33:08.273 [Test worker] INFO  com.demoWeb.utils.MyListener -- *******************************
12:33:08.285 [Test worker] INFO  com.demoWeb.utils.MyListener -- The locator is By.id: Email
12:33:08.285 [Test worker] INFO  com.demoWeb.utils.MyListener -- **********************************************************
12:33:08.314 [Test worker] INFO  com.demoWeb.utils.MyListener -- The locator will find By.id: Email
12:33:08.314 [Test worker] INFO  com.demoWeb.utils.MyListener -- *******************************
12:33:08.335 [Test worker] INFO  com.demoWeb.utils.MyListener -- The locator is By.id: Email
12:33:08.336 [Test worker] INFO  com.demoWeb.utils.MyListener -- **********************************************************
12:33:08.428 [Test worker] INFO  com.demoWeb.utils.MyListener -- The locator will find By.id: Password
12:33:08.428 [Test worker] INFO  com.demoWeb.utils.MyListener -- *******************************
12:33:08.443 [Test worker] INFO  com.demoWeb.utils.MyListener -- The locator is By.id: Password
12:33:08.443 [Test worker] INFO  com.demoWeb.utils.MyListener -- **********************************************************
12:33:08.523 [Test worker] INFO  com.demoWeb.utils.MyListener -- The locator will find By.id: Password
12:33:08.523 [Test worker] INFO  com.demoWeb.utils.MyListener -- *******************************
12:33:08.534 [Test worker] INFO  com.demoWeb.utils.MyListener -- The locator is By.id: Password
12:33:08.534 [Test worker] INFO  com.demoWeb.utils.MyListener -- **********************************************************
12:33:08.560 [Test worker] INFO  com.demoWeb.utils.MyListener -- The locator will find By.id: Password
12:33:08.560 [Test worker] INFO  com.demoWeb.utils.MyListener -- *******************************
12:33:08.570 [Test worker] INFO  com.demoWeb.utils.MyListener -- The locator is By.id: Password
12:33:08.571 [Test worker] INFO  com.demoWeb.utils.MyListener -- **********************************************************
12:33:08.606 [Test worker] INFO  com.demoWeb.utils.MyListener -- The locator will find By.xpath: //input[@value='Log in']
12:33:08.606 [Test worker] INFO  com.demoWeb.utils.MyListener -- *******************************
12:33:08.621 [Test worker] INFO  com.demoWeb.utils.MyListener -- The locator is By.xpath: //input[@value='Log in']
12:33:08.621 [Test worker] INFO  com.demoWeb.utils.MyListener -- **********************************************************
12:33:09.109 [Test worker] INFO  com.demoWeb.utils.MyListener -- The locator will find By.xpath: (//input[@value='Add to cart'])[2]
12:33:09.109 [Test worker] INFO  com.demoWeb.utils.MyListener -- *******************************
12:33:09.161 [Test worker] INFO  com.demoWeb.utils.MyListener -- The locator is By.xpath: (//input[@value='Add to cart'])[2]
12:33:09.161 [Test worker] INFO  com.demoWeb.utils.MyListener -- **********************************************************
12:33:09.241 [Test worker] INFO  com.demoWeb.utils.MyListener -- The locator will find By.xpath: //span[.='Shopping cart']
12:33:09.242 [Test worker] INFO  com.demoWeb.utils.MyListener -- *******************************
12:33:09.259 [Test worker] INFO  com.demoWeb.utils.MyListener -- The locator is By.xpath: //span[.='Shopping cart']
12:33:09.269 [Test worker] INFO  com.demoWeb.utils.MyListener -- **********************************************************
12:33:09.790 [Test worker] INFO  com.demoWeb.utils.MyListener -- Before find elements By.xpath: (//a[text()='14.1-inch Laptop'])[2]
12:33:09.791 [Test worker] INFO  com.demoWeb.utils.MyListener -- **********************************************************
12:33:09.807 [Test worker] INFO  com.demoWeb.utils.MyListener -- List size is 1
12:33:09.807 [Test worker] INFO  com.demoWeb.utils.MyListener -- **********************************************************
12:33:09.832 [Test worker] INFO  com.demo.tests.TestBase -- PASSED: addToCardPositiveTest
12:33:09.833 [Test worker] INFO  com.demo.tests.TestBase -- Stop test
12:33:09.833 [Test worker] INFO  com.demo.tests.TestBase -- *********************************************************
]]></system-out>
  <system-err><![CDATA[????. 21, 2025 12:33:05 PM org.openqa.selenium.devtools.CdpVersionFinder findNearestMatch
WARNING: Unable to find CDP implementation matching 140
????. 21, 2025 12:33:05 PM org.openqa.selenium.chromium.ChromiumDriver lambda$new$4
WARNING: Unable to find version of CDP to use for 140.0.7339.128. You may need to include a dependency on a specific version of the CDP using something similar to `org.seleniumhq.selenium:selenium-devtools-v86:4.30.0` where the version ("v86") matches the version of the chromium-based browser you're using and the version number of the artifact is the same as Selenium's.
]]></system-err>
</testsuite>
