<?xml version="1.0" encoding="UTF-8"?>
<testsuite name="com.demo.tests.CreateAccountTests" tests="5" skipped="0" failures="0" errors="0" timestamp="2025-09-21T12:04:23" hostname="DOM" time="20.118">
  <properties/>
  <testcase name="newUserRegistrationNegativeTest" classname="com.demo.tests.CreateAccountTests" time="1.917"/>
  <testcase name="newUserRegistrationPositiveWithCsvFileTest[0](com.demoWeb.models.User@5922d3e9)" classname="com.demo.tests.CreateAccountTests" time="2.668"/>
  <testcase name="newUserRegistrationPositiveWithCsvFileTest[1](com.demoWeb.models.User@670f2466)" classname="com.demo.tests.CreateAccountTests" time="2.711"/>
  <testcase name="newUserRegistrationPositiveWithCsvFileTest[2](com.demoWeb.models.User@2693c618)" classname="com.demo.tests.CreateAccountTests" time="2.858"/>
  <testcase name="newUserRegistrationPositiveWithCsvFileTest[3](com.demoWeb.models.User@3bb9ca38)" classname="com.demo.tests.CreateAccountTests" time="2.999"/>
  <system-out><![CDATA[14:04:22.531 [Test worker] INFO  com.demoWeb.fw.ApplicationManager -- Tests start in Chrome browser
14:04:23.356 [Test worker] INFO  com.demo.tests.TestBase -- Start testnewUserRegistrationNegativeTest
14:04:23.360 [Test worker] INFO  com.demoWeb.utils.MyListener -- Before find elements By.cssSelector: [href='/register']
14:04:23.361 [Test worker] INFO  com.demoWeb.utils.MyListener -- **********************************************************
14:04:23.407 [Test worker] INFO  com.demoWeb.utils.MyListener -- List size is 1
14:04:23.408 [Test worker] INFO  com.demoWeb.utils.MyListener -- **********************************************************
14:04:23.410 [Test worker] INFO  com.demoWeb.utils.MyListener -- The locator will find By.xpath: //a[text()='Register']
14:04:23.410 [Test worker] INFO  com.demoWeb.utils.MyListener -- *******************************
14:04:23.426 [Test worker] INFO  com.demoWeb.utils.MyListener -- The locator is By.xpath: //a[text()='Register']
14:04:23.427 [Test worker] INFO  com.demoWeb.utils.MyListener -- **********************************************************
14:04:23.865 [Test worker] INFO  com.demoWeb.utils.MyListener -- The locator will find By.id: FirstName
14:04:23.865 [Test worker] INFO  com.demoWeb.utils.MyListener -- *******************************
14:04:23.885 [Test worker] INFO  com.demoWeb.utils.MyListener -- The locator is By.id: FirstName
14:04:23.886 [Test worker] INFO  com.demoWeb.utils.MyListener -- **********************************************************
14:04:23.935 [Test worker] INFO  com.demoWeb.utils.MyListener -- The locator will find By.id: FirstName
14:04:23.935 [Test worker] INFO  com.demoWeb.utils.MyListener -- *******************************
14:04:23.943 [Test worker] INFO  com.demoWeb.utils.MyListener -- The locator is By.id: FirstName
14:04:23.944 [Test worker] INFO  com.demoWeb.utils.MyListener -- **********************************************************
14:04:23.980 [Test worker] INFO  com.demoWeb.utils.MyListener -- The locator will find By.id: FirstName
14:04:23.980 [Test worker] INFO  com.demoWeb.utils.MyListener -- *******************************
14:04:23.997 [Test worker] INFO  com.demoWeb.utils.MyListener -- The locator is By.id: FirstName
14:04:23.997 [Test worker] INFO  com.demoWeb.utils.MyListener -- **********************************************************
14:04:24.040 [Test worker] INFO  com.demoWeb.utils.MyListener -- The locator will find By.id: LastName
14:04:24.040 [Test worker] INFO  com.demoWeb.utils.MyListener -- *******************************
14:04:24.051 [Test worker] INFO  com.demoWeb.utils.MyListener -- The locator is By.id: LastName
14:04:24.051 [Test worker] INFO  com.demoWeb.utils.MyListener -- **********************************************************
14:04:24.097 [Test worker] INFO  com.demoWeb.utils.MyListener -- The locator will find By.id: LastName
14:04:24.098 [Test worker] INFO  com.demoWeb.utils.MyListener -- *******************************
14:04:24.108 [Test worker] INFO  com.demoWeb.utils.MyListener -- The locator is By.id: LastName
14:04:24.109 [Test worker] INFO  com.demoWeb.utils.MyListener -- **********************************************************
14:04:24.133 [Test worker] INFO  com.demoWeb.utils.MyListener -- The locator will find By.id: LastName
14:04:24.133 [Test worker] INFO  com.demoWeb.utils.MyListener -- *******************************
14:04:24.141 [Test worker] INFO  com.demoWeb.utils.MyListener -- The locator is By.id: LastName
14:04:24.141 [Test worker] INFO  com.demoWeb.utils.MyListener -- **********************************************************
14:04:24.165 [Test worker] INFO  com.demoWeb.utils.MyListener -- The locator will find By.id: Email
14:04:24.165 [Test worker] INFO  com.demoWeb.utils.MyListener -- *******************************
14:04:24.175 [Test worker] INFO  com.demoWeb.utils.MyListener -- The locator is By.id: Email
14:04:24.175 [Test worker] INFO  com.demoWeb.utils.MyListener -- **********************************************************
14:04:24.221 [Test worker] INFO  com.demoWeb.utils.MyListener -- The locator will find By.id: Email
14:04:24.222 [Test worker] INFO  com.demoWeb.utils.MyListener -- *******************************
14:04:24.230 [Test worker] INFO  com.demoWeb.utils.MyListener -- The locator is By.id: Email
14:04:24.231 [Test worker] INFO  com.demoWeb.utils.MyListener -- **********************************************************
14:04:24.253 [Test worker] INFO  com.demoWeb.utils.MyListener -- The locator will find By.id: Email
14:04:24.254 [Test worker] INFO  com.demoWeb.utils.MyListener -- *******************************
14:04:24.262 [Test worker] INFO  com.demoWeb.utils.MyListener -- The locator is By.id: Email
14:04:24.262 [Test worker] INFO  com.demoWeb.utils.MyListener -- **********************************************************
14:04:24.282 [Test worker] INFO  com.demoWeb.utils.MyListener -- The locator will find By.id: Password
14:04:24.282 [Test worker] INFO  com.demoWeb.utils.MyListener -- *******************************
14:04:24.302 [Test worker] INFO  com.demoWeb.utils.MyListener -- The locator is By.id: Password
14:04:24.302 [Test worker] INFO  com.demoWeb.utils.MyListener -- **********************************************************
14:04:24.344 [Test worker] INFO  com.demoWeb.utils.MyListener -- The locator will find By.id: Password
14:04:24.345 [Test worker] INFO  com.demoWeb.utils.MyListener -- *******************************
14:04:24.349 [Test worker] INFO  com.demoWeb.utils.MyListener -- The locator is By.id: Password
14:04:24.349 [Test worker] INFO  com.demoWeb.utils.MyListener -- **********************************************************
14:04:24.374 [Test worker] INFO  com.demoWeb.utils.MyListener -- The locator will find By.id: Password
14:04:24.374 [Test worker] INFO  com.demoWeb.utils.MyListener -- *******************************
14:04:24.383 [Test worker] INFO  com.demoWeb.utils.MyListener -- The locator is By.id: Password
14:04:24.384 [Test worker] INFO  com.demoWeb.utils.MyListener -- **********************************************************
14:04:24.433 [Test worker] INFO  com.demoWeb.utils.MyListener -- The locator will find By.id: ConfirmPassword
14:04:24.433 [Test worker] INFO  com.demoWeb.utils.MyListener -- *******************************
14:04:24.443 [Test worker] INFO  com.demoWeb.utils.MyListener -- The locator is By.id: ConfirmPassword
14:04:24.445 [Test worker] INFO  com.demoWeb.utils.MyListener -- **********************************************************
14:04:24.488 [Test worker] INFO  com.demoWeb.utils.MyListener -- The locator will find By.id: ConfirmPassword
14:04:24.488 [Test worker] INFO  com.demoWeb.utils.MyListener -- *******************************
14:04:24.496 [Test worker] INFO  com.demoWeb.utils.MyListener -- The locator is By.id: ConfirmPassword
14:04:24.496 [Test worker] INFO  com.demoWeb.utils.MyListener -- **********************************************************
14:04:24.514 [Test worker] INFO  com.demoWeb.utils.MyListener -- The locator will find By.id: ConfirmPassword
14:04:24.515 [Test worker] INFO  com.demoWeb.utils.MyListener -- *******************************
14:04:24.522 [Test worker] INFO  com.demoWeb.utils.MyListener -- The locator is By.id: ConfirmPassword
14:04:24.522 [Test worker] INFO  com.demoWeb.utils.MyListener -- **********************************************************
14:04:24.547 [Test worker] INFO  com.demoWeb.utils.MyListener -- The locator will find By.id: register-button
14:04:24.547 [Test worker] INFO  com.demoWeb.utils.MyListener -- *******************************
14:04:24.552 [Test worker] INFO  com.demoWeb.utils.MyListener -- The locator is By.id: register-button
14:04:24.552 [Test worker] INFO  com.demoWeb.utils.MyListener -- **********************************************************
14:04:25.290 [Test worker] INFO  com.demoWeb.utils.MyListener -- Before find elements By.cssSelector: div[class='validation-summary-errors'] ul li
14:04:25.290 [Test worker] INFO  com.demoWeb.utils.MyListener -- **********************************************************
14:04:25.326 [Test worker] INFO  com.demoWeb.utils.MyListener -- List size is 1
14:04:25.326 [Test worker] INFO  com.demoWeb.utils.MyListener -- **********************************************************
14:04:25.326 [Test worker] INFO  com.demo.tests.TestBase -- PASSED: newUserRegistrationNegativeTest
14:04:25.326 [Test worker] INFO  com.demo.tests.TestBase -- Stop test
14:04:25.329 [Test worker] INFO  com.demo.tests.TestBase -- *********************************************************
14:04:26.148 [Test worker] INFO  com.demoWeb.fw.ApplicationManager -- Tests start in Chrome browser
14:04:26.990 [Test worker] INFO  com.demo.tests.TestBase -- Start testnewUserRegistrationPositiveWithCsvFileTest
14:04:26.992 [Test worker] INFO  com.demoWeb.utils.MyListener -- Before find elements By.cssSelector: [href='/register']
14:04:26.993 [Test worker] INFO  com.demoWeb.utils.MyListener -- **********************************************************
14:04:27.038 [Test worker] INFO  com.demoWeb.utils.MyListener -- List size is 1
14:04:27.038 [Test worker] INFO  com.demoWeb.utils.MyListener -- **********************************************************
14:04:27.039 [Test worker] INFO  com.demoWeb.utils.MyListener -- The locator will find By.xpath: //a[text()='Register']
14:04:27.039 [Test worker] INFO  com.demoWeb.utils.MyListener -- *******************************
14:04:27.054 [Test worker] INFO  com.demoWeb.utils.MyListener -- The locator is By.xpath: //a[text()='Register']
14:04:27.055 [Test worker] INFO  com.demoWeb.utils.MyListener -- **********************************************************
14:04:27.507 [Test worker] INFO  com.demoWeb.utils.MyListener -- The locator will find By.id: FirstName
14:04:27.507 [Test worker] INFO  com.demoWeb.utils.MyListener -- *******************************
14:04:27.520 [Test worker] INFO  com.demoWeb.utils.MyListener -- The locator is By.id: FirstName
14:04:27.521 [Test worker] INFO  com.demoWeb.utils.MyListener -- **********************************************************
14:04:27.571 [Test worker] INFO  com.demoWeb.utils.MyListener -- The locator will find By.id: FirstName
14:04:27.571 [Test worker] INFO  com.demoWeb.utils.MyListener -- *******************************
14:04:27.581 [Test worker] INFO  com.demoWeb.utils.MyListener -- The locator is By.id: FirstName
14:04:27.582 [Test worker] INFO  com.demoWeb.utils.MyListener -- **********************************************************
14:04:27.605 [Test worker] INFO  com.demoWeb.utils.MyListener -- The locator will find By.id: FirstName
14:04:27.605 [Test worker] INFO  com.demoWeb.utils.MyListener -- *******************************
14:04:27.615 [Test worker] INFO  com.demoWeb.utils.MyListener -- The locator is By.id: FirstName
14:04:27.616 [Test worker] INFO  com.demoWeb.utils.MyListener -- **********************************************************
14:04:27.655 [Test worker] INFO  com.demoWeb.utils.MyListener -- The locator will find By.id: LastName
14:04:27.655 [Test worker] INFO  com.demoWeb.utils.MyListener -- *******************************
14:04:27.673 [Test worker] INFO  com.demoWeb.utils.MyListener -- The locator is By.id: LastName
14:04:27.674 [Test worker] INFO  com.demoWeb.utils.MyListener -- **********************************************************
14:04:27.744 [Test worker] INFO  com.demoWeb.utils.MyListener -- The locator will find By.id: LastName
14:04:27.745 [Test worker] INFO  com.demoWeb.utils.MyListener -- *******************************
14:04:27.754 [Test worker] INFO  com.demoWeb.utils.MyListener -- The locator is By.id: LastName
14:04:27.755 [Test worker] INFO  com.demoWeb.utils.MyListener -- **********************************************************
14:04:27.773 [Test worker] INFO  com.demoWeb.utils.MyListener -- The locator will find By.id: LastName
14:04:27.773 [Test worker] INFO  com.demoWeb.utils.MyListener -- *******************************
14:04:27.781 [Test worker] INFO  com.demoWeb.utils.MyListener -- The locator is By.id: LastName
14:04:27.781 [Test worker] INFO  com.demoWeb.utils.MyListener -- **********************************************************
14:04:27.807 [Test worker] INFO  com.demoWeb.utils.MyListener -- The locator will find By.id: Email
14:04:27.807 [Test worker] INFO  com.demoWeb.utils.MyListener -- *******************************
14:04:27.818 [Test worker] INFO  com.demoWeb.utils.MyListener -- The locator is By.id: Email
14:04:27.819 [Test worker] INFO  com.demoWeb.utils.MyListener -- **********************************************************
14:04:27.868 [Test worker] INFO  com.demoWeb.utils.MyListener -- The locator will find By.id: Email
14:04:27.868 [Test worker] INFO  com.demoWeb.utils.MyListener -- *******************************
14:04:27.876 [Test worker] INFO  com.demoWeb.utils.MyListener -- The locator is By.id: Email
14:04:27.876 [Test worker] INFO  com.demoWeb.utils.MyListener -- **********************************************************
14:04:27.898 [Test worker] INFO  com.demoWeb.utils.MyListener -- The locator will find By.id: Email
14:04:27.899 [Test worker] INFO  com.demoWeb.utils.MyListener -- *******************************
14:04:27.907 [Test worker] INFO  com.demoWeb.utils.MyListener -- The locator is By.id: Email
14:04:27.907 [Test worker] INFO  com.demoWeb.utils.MyListener -- **********************************************************
14:04:27.954 [Test worker] INFO  com.demoWeb.utils.MyListener -- The locator will find By.id: Password
14:04:27.954 [Test worker] INFO  com.demoWeb.utils.MyListener -- *******************************
14:04:27.965 [Test worker] INFO  com.demoWeb.utils.MyListener -- The locator is By.id: Password
14:04:27.965 [Test worker] INFO  com.demoWeb.utils.MyListener -- **********************************************************
14:04:28.010 [Test worker] INFO  com.demoWeb.utils.MyListener -- The locator will find By.id: Password
14:04:28.011 [Test worker] INFO  com.demoWeb.utils.MyListener -- *******************************
14:04:28.013 [Test worker] INFO  com.demoWeb.utils.MyListener -- The locator is By.id: Password
14:04:28.013 [Test worker] INFO  com.demoWeb.utils.MyListener -- **********************************************************
14:04:28.059 [Test worker] INFO  com.demoWeb.utils.MyListener -- The locator will find By.id: Password
14:04:28.059 [Test worker] INFO  com.demoWeb.utils.MyListener -- *******************************
14:04:28.082 [Test worker] INFO  com.demoWeb.utils.MyListener -- The locator is By.id: Password
14:04:28.083 [Test worker] INFO  com.demoWeb.utils.MyListener -- **********************************************************
14:04:28.132 [Test worker] INFO  com.demoWeb.utils.MyListener -- The locator will find By.id: ConfirmPassword
14:04:28.132 [Test worker] INFO  com.demoWeb.utils.MyListener -- *******************************
14:04:28.144 [Test worker] INFO  com.demoWeb.utils.MyListener -- The locator is By.id: ConfirmPassword
14:04:28.144 [Test worker] INFO  com.demoWeb.utils.MyListener -- **********************************************************
14:04:28.197 [Test worker] INFO  com.demoWeb.utils.MyListener -- The locator will find By.id: ConfirmPassword
14:04:28.197 [Test worker] INFO  com.demoWeb.utils.MyListener -- *******************************
14:04:28.206 [Test worker] INFO  com.demoWeb.utils.MyListener -- The locator is By.id: ConfirmPassword
14:04:28.207 [Test worker] INFO  com.demoWeb.utils.MyListener -- **********************************************************
14:04:28.249 [Test worker] INFO  com.demoWeb.utils.MyListener -- The locator will find By.id: ConfirmPassword
14:04:28.249 [Test worker] INFO  com.demoWeb.utils.MyListener -- *******************************
14:04:28.278 [Test worker] INFO  com.demoWeb.utils.MyListener -- The locator is By.id: ConfirmPassword
14:04:28.278 [Test worker] INFO  com.demoWeb.utils.MyListener -- **********************************************************
14:04:28.330 [Test worker] INFO  com.demoWeb.utils.MyListener -- The locator will find By.id: register-button
14:04:28.330 [Test worker] INFO  com.demoWeb.utils.MyListener -- *******************************
14:04:28.354 [Test worker] INFO  com.demoWeb.utils.MyListener -- The locator is By.id: register-button
14:04:28.354 [Test worker] INFO  com.demoWeb.utils.MyListener -- **********************************************************
14:04:29.226 [Test worker] INFO  com.demoWeb.utils.MyListener -- The locator will find By.xpath: //input[@class='button-1 register-continue-button']
14:04:29.226 [Test worker] INFO  com.demoWeb.utils.MyListener -- *******************************
14:04:29.241 [Test worker] INFO  com.demoWeb.utils.MyListener -- The locator is By.xpath: //input[@class='button-1 register-continue-button']
14:04:29.241 [Test worker] INFO  com.demoWeb.utils.MyListener -- **********************************************************
14:04:29.709 [Test worker] INFO  com.demo.tests.TestBase -- PASSED: newUserRegistrationPositiveWithCsvFileTest
14:04:29.709 [Test worker] INFO  com.demo.tests.TestBase -- Stop test
14:04:29.709 [Test worker] INFO  com.demo.tests.TestBase -- *********************************************************
14:04:30.537 [Test worker] INFO  com.demoWeb.fw.ApplicationManager -- Tests start in Chrome browser
14:04:31.383 [Test worker] INFO  com.demo.tests.TestBase -- Start testnewUserRegistrationPositiveWithCsvFileTest
14:04:31.384 [Test worker] INFO  com.demoWeb.utils.MyListener -- Before find elements By.cssSelector: [href='/register']
14:04:31.384 [Test worker] INFO  com.demoWeb.utils.MyListener -- **********************************************************
14:04:31.419 [Test worker] INFO  com.demoWeb.utils.MyListener -- List size is 1
14:04:31.419 [Test worker] INFO  com.demoWeb.utils.MyListener -- **********************************************************
14:04:31.420 [Test worker] INFO  com.demoWeb.utils.MyListener -- The locator will find By.xpath: //a[text()='Register']
14:04:31.420 [Test worker] INFO  com.demoWeb.utils.MyListener -- *******************************
14:04:31.435 [Test worker] INFO  com.demoWeb.utils.MyListener -- The locator is By.xpath: //a[text()='Register']
14:04:31.435 [Test worker] INFO  com.demoWeb.utils.MyListener -- **********************************************************
14:04:31.896 [Test worker] INFO  com.demoWeb.utils.MyListener -- The locator will find By.id: FirstName
14:04:31.897 [Test worker] INFO  com.demoWeb.utils.MyListener -- *******************************
14:04:31.913 [Test worker] INFO  com.demoWeb.utils.MyListener -- The locator is By.id: FirstName
14:04:31.913 [Test worker] INFO  com.demoWeb.utils.MyListener -- **********************************************************
14:04:31.969 [Test worker] INFO  com.demoWeb.utils.MyListener -- The locator will find By.id: FirstName
14:04:31.969 [Test worker] INFO  com.demoWeb.utils.MyListener -- *******************************
14:04:31.981 [Test worker] INFO  com.demoWeb.utils.MyListener -- The locator is By.id: FirstName
14:04:31.982 [Test worker] INFO  com.demoWeb.utils.MyListener -- **********************************************************
14:04:32.005 [Test worker] INFO  com.demoWeb.utils.MyListener -- The locator will find By.id: FirstName
14:04:32.006 [Test worker] INFO  com.demoWeb.utils.MyListener -- *******************************
14:04:32.014 [Test worker] INFO  com.demoWeb.utils.MyListener -- The locator is By.id: FirstName
14:04:32.014 [Test worker] INFO  com.demoWeb.utils.MyListener -- **********************************************************
14:04:32.045 [Test worker] INFO  com.demoWeb.utils.MyListener -- The locator will find By.id: LastName
14:04:32.045 [Test worker] INFO  com.demoWeb.utils.MyListener -- *******************************
14:04:32.053 [Test worker] INFO  com.demoWeb.utils.MyListener -- The locator is By.id: LastName
14:04:32.054 [Test worker] INFO  com.demoWeb.utils.MyListener -- **********************************************************
14:04:32.106 [Test worker] INFO  com.demoWeb.utils.MyListener -- The locator will find By.id: LastName
14:04:32.106 [Test worker] INFO  com.demoWeb.utils.MyListener -- *******************************
14:04:32.115 [Test worker] INFO  com.demoWeb.utils.MyListener -- The locator is By.id: LastName
14:04:32.115 [Test worker] INFO  com.demoWeb.utils.MyListener -- **********************************************************
14:04:32.155 [Test worker] INFO  com.demoWeb.utils.MyListener -- The locator will find By.id: LastName
14:04:32.155 [Test worker] INFO  com.demoWeb.utils.MyListener -- *******************************
14:04:32.165 [Test worker] INFO  com.demoWeb.utils.MyListener -- The locator is By.id: LastName
14:04:32.166 [Test worker] INFO  com.demoWeb.utils.MyListener -- **********************************************************
14:04:32.200 [Test worker] INFO  com.demoWeb.utils.MyListener -- The locator will find By.id: Email
14:04:32.200 [Test worker] INFO  com.demoWeb.utils.MyListener -- *******************************
14:04:32.210 [Test worker] INFO  com.demoWeb.utils.MyListener -- The locator is By.id: Email
14:04:32.210 [Test worker] INFO  com.demoWeb.utils.MyListener -- **********************************************************
14:04:32.285 [Test worker] INFO  com.demoWeb.utils.MyListener -- The locator will find By.id: Email
14:04:32.286 [Test worker] INFO  com.demoWeb.utils.MyListener -- *******************************
14:04:32.294 [Test worker] INFO  com.demoWeb.utils.MyListener -- The locator is By.id: Email
14:04:32.294 [Test worker] INFO  com.demoWeb.utils.MyListener -- **********************************************************
14:04:32.319 [Test worker] INFO  com.demoWeb.utils.MyListener -- The locator will find By.id: Email
14:04:32.319 [Test worker] INFO  com.demoWeb.utils.MyListener -- *******************************
14:04:32.337 [Test worker] INFO  com.demoWeb.utils.MyListener -- The locator is By.id: Email
14:04:32.338 [Test worker] INFO  com.demoWeb.utils.MyListener -- **********************************************************
14:04:32.407 [Test worker] INFO  com.demoWeb.utils.MyListener -- The locator will find By.id: Password
14:04:32.407 [Test worker] INFO  com.demoWeb.utils.MyListener -- *******************************
14:04:32.421 [Test worker] INFO  com.demoWeb.utils.MyListener -- The locator is By.id: Password
14:04:32.421 [Test worker] INFO  com.demoWeb.utils.MyListener -- **********************************************************
14:04:32.481 [Test worker] INFO  com.demoWeb.utils.MyListener -- The locator will find By.id: Password
14:04:32.481 [Test worker] INFO  com.demoWeb.utils.MyListener -- *******************************
14:04:32.491 [Test worker] INFO  com.demoWeb.utils.MyListener -- The locator is By.id: Password
14:04:32.491 [Test worker] INFO  com.demoWeb.utils.MyListener -- **********************************************************
14:04:32.523 [Test worker] INFO  com.demoWeb.utils.MyListener -- The locator will find By.id: Password
14:04:32.523 [Test worker] INFO  com.demoWeb.utils.MyListener -- *******************************
14:04:32.534 [Test worker] INFO  com.demoWeb.utils.MyListener -- The locator is By.id: Password
14:04:32.534 [Test worker] INFO  com.demoWeb.utils.MyListener -- **********************************************************
14:04:32.581 [Test worker] INFO  com.demoWeb.utils.MyListener -- The locator will find By.id: ConfirmPassword
14:04:32.581 [Test worker] INFO  com.demoWeb.utils.MyListener -- *******************************
14:04:32.598 [Test worker] INFO  com.demoWeb.utils.MyListener -- The locator is By.id: ConfirmPassword
14:04:32.598 [Test worker] INFO  com.demoWeb.utils.MyListener -- **********************************************************
14:04:32.654 [Test worker] INFO  com.demoWeb.utils.MyListener -- The locator will find By.id: ConfirmPassword
14:04:32.654 [Test worker] INFO  com.demoWeb.utils.MyListener -- *******************************
14:04:32.664 [Test worker] INFO  com.demoWeb.utils.MyListener -- The locator is By.id: ConfirmPassword
14:04:32.664 [Test worker] INFO  com.demoWeb.utils.MyListener -- **********************************************************
14:04:32.687 [Test worker] INFO  com.demoWeb.utils.MyListener -- The locator will find By.id: ConfirmPassword
14:04:32.687 [Test worker] INFO  com.demoWeb.utils.MyListener -- *******************************
14:04:32.695 [Test worker] INFO  com.demoWeb.utils.MyListener -- The locator is By.id: ConfirmPassword
14:04:32.697 [Test worker] INFO  com.demoWeb.utils.MyListener -- **********************************************************
14:04:32.741 [Test worker] INFO  com.demoWeb.utils.MyListener -- The locator will find By.id: register-button
14:04:32.741 [Test worker] INFO  com.demoWeb.utils.MyListener -- *******************************
14:04:32.752 [Test worker] INFO  com.demoWeb.utils.MyListener -- The locator is By.id: register-button
14:04:32.752 [Test worker] INFO  com.demoWeb.utils.MyListener -- **********************************************************
14:04:33.605 [Test worker] INFO  com.demoWeb.utils.MyListener -- The locator will find By.xpath: //input[@class='button-1 register-continue-button']
14:04:33.605 [Test worker] INFO  com.demoWeb.utils.MyListener -- *******************************
14:04:33.639 [Test worker] INFO  com.demoWeb.utils.MyListener -- The locator is By.xpath: //input[@class='button-1 register-continue-button']
14:04:33.639 [Test worker] INFO  com.demoWeb.utils.MyListener -- **********************************************************
14:04:34.135 [Test worker] INFO  com.demo.tests.TestBase -- PASSED: newUserRegistrationPositiveWithCsvFileTest
14:04:34.135 [Test worker] INFO  com.demo.tests.TestBase -- Stop test
14:04:34.135 [Test worker] INFO  com.demo.tests.TestBase -- *********************************************************
14:04:35.019 [Test worker] INFO  com.demoWeb.fw.ApplicationManager -- Tests start in Chrome browser
14:04:35.843 [Test worker] INFO  com.demo.tests.TestBase -- Start testnewUserRegistrationPositiveWithCsvFileTest
14:04:35.844 [Test worker] INFO  com.demoWeb.utils.MyListener -- Before find elements By.cssSelector: [href='/register']
14:04:35.845 [Test worker] INFO  com.demoWeb.utils.MyListener -- **********************************************************
14:04:35.869 [Test worker] INFO  com.demoWeb.utils.MyListener -- List size is 1
14:04:35.869 [Test worker] INFO  com.demoWeb.utils.MyListener -- **********************************************************
14:04:35.869 [Test worker] INFO  com.demoWeb.utils.MyListener -- The locator will find By.xpath: //a[text()='Register']
14:04:35.869 [Test worker] INFO  com.demoWeb.utils.MyListener -- *******************************
14:04:35.883 [Test worker] INFO  com.demoWeb.utils.MyListener -- The locator is By.xpath: //a[text()='Register']
14:04:35.884 [Test worker] INFO  com.demoWeb.utils.MyListener -- **********************************************************
14:04:36.377 [Test worker] INFO  com.demoWeb.utils.MyListener -- The locator will find By.id: FirstName
14:04:36.377 [Test worker] INFO  com.demoWeb.utils.MyListener -- *******************************
14:04:36.400 [Test worker] INFO  com.demoWeb.utils.MyListener -- The locator is By.id: FirstName
14:04:36.401 [Test worker] INFO  com.demoWeb.utils.MyListener -- **********************************************************
14:04:36.474 [Test worker] INFO  com.demoWeb.utils.MyListener -- The locator will find By.id: FirstName
14:04:36.474 [Test worker] INFO  com.demoWeb.utils.MyListener -- *******************************
14:04:36.487 [Test worker] INFO  com.demoWeb.utils.MyListener -- The locator is By.id: FirstName
14:04:36.488 [Test worker] INFO  com.demoWeb.utils.MyListener -- **********************************************************
14:04:36.526 [Test worker] INFO  com.demoWeb.utils.MyListener -- The locator will find By.id: FirstName
14:04:36.527 [Test worker] INFO  com.demoWeb.utils.MyListener -- *******************************
14:04:36.549 [Test worker] INFO  com.demoWeb.utils.MyListener -- The locator is By.id: FirstName
14:04:36.550 [Test worker] INFO  com.demoWeb.utils.MyListener -- **********************************************************
14:04:36.594 [Test worker] INFO  com.demoWeb.utils.MyListener -- The locator will find By.id: LastName
14:04:36.594 [Test worker] INFO  com.demoWeb.utils.MyListener -- *******************************
14:04:36.607 [Test worker] INFO  com.demoWeb.utils.MyListener -- The locator is By.id: LastName
14:04:36.608 [Test worker] INFO  com.demoWeb.utils.MyListener -- **********************************************************
14:04:36.690 [Test worker] INFO  com.demoWeb.utils.MyListener -- The locator will find By.id: LastName
14:04:36.691 [Test worker] INFO  com.demoWeb.utils.MyListener -- *******************************
14:04:36.703 [Test worker] INFO  com.demoWeb.utils.MyListener -- The locator is By.id: LastName
14:04:36.704 [Test worker] INFO  com.demoWeb.utils.MyListener -- **********************************************************
14:04:36.737 [Test worker] INFO  com.demoWeb.utils.MyListener -- The locator will find By.id: LastName
14:04:36.737 [Test worker] INFO  com.demoWeb.utils.MyListener -- *******************************
14:04:36.747 [Test worker] INFO  com.demoWeb.utils.MyListener -- The locator is By.id: LastName
14:04:36.747 [Test worker] INFO  com.demoWeb.utils.MyListener -- **********************************************************
14:04:36.783 [Test worker] INFO  com.demoWeb.utils.MyListener -- The locator will find By.id: Email
14:04:36.783 [Test worker] INFO  com.demoWeb.utils.MyListener -- *******************************
14:04:36.793 [Test worker] INFO  com.demoWeb.utils.MyListener -- The locator is By.id: Email
14:04:36.794 [Test worker] INFO  com.demoWeb.utils.MyListener -- **********************************************************
14:04:36.868 [Test worker] INFO  com.demoWeb.utils.MyListener -- The locator will find By.id: Email
14:04:36.868 [Test worker] INFO  com.demoWeb.utils.MyListener -- *******************************
14:04:36.879 [Test worker] INFO  com.demoWeb.utils.MyListener -- The locator is By.id: Email
14:04:36.880 [Test worker] INFO  com.demoWeb.utils.MyListener -- **********************************************************
14:04:36.910 [Test worker] INFO  com.demoWeb.utils.MyListener -- The locator will find By.id: Email
14:04:36.910 [Test worker] INFO  com.demoWeb.utils.MyListener -- *******************************
14:04:36.921 [Test worker] INFO  com.demoWeb.utils.MyListener -- The locator is By.id: Email
14:04:36.921 [Test worker] INFO  com.demoWeb.utils.MyListener -- **********************************************************
14:04:36.978 [Test worker] INFO  com.demoWeb.utils.MyListener -- The locator will find By.id: Password
14:04:36.978 [Test worker] INFO  com.demoWeb.utils.MyListener -- *******************************
14:04:36.991 [Test worker] INFO  com.demoWeb.utils.MyListener -- The locator is By.id: Password
14:04:36.991 [Test worker] INFO  com.demoWeb.utils.MyListener -- **********************************************************
14:04:37.063 [Test worker] INFO  com.demoWeb.utils.MyListener -- The locator will find By.id: Password
14:04:37.063 [Test worker] INFO  com.demoWeb.utils.MyListener -- *******************************
14:04:37.074 [Test worker] INFO  com.demoWeb.utils.MyListener -- The locator is By.id: Password
14:04:37.074 [Test worker] INFO  com.demoWeb.utils.MyListener -- **********************************************************
14:04:37.103 [Test worker] INFO  com.demoWeb.utils.MyListener -- The locator will find By.id: Password
14:04:37.103 [Test worker] INFO  com.demoWeb.utils.MyListener -- *******************************
14:04:37.115 [Test worker] INFO  com.demoWeb.utils.MyListener -- The locator is By.id: Password
14:04:37.115 [Test worker] INFO  com.demoWeb.utils.MyListener -- **********************************************************
14:04:37.178 [Test worker] INFO  com.demoWeb.utils.MyListener -- The locator will find By.id: ConfirmPassword
14:04:37.178 [Test worker] INFO  com.demoWeb.utils.MyListener -- *******************************
14:04:37.191 [Test worker] INFO  com.demoWeb.utils.MyListener -- The locator is By.id: ConfirmPassword
14:04:37.191 [Test worker] INFO  com.demoWeb.utils.MyListener -- **********************************************************
14:04:37.260 [Test worker] INFO  com.demoWeb.utils.MyListener -- The locator will find By.id: ConfirmPassword
14:04:37.261 [Test worker] INFO  com.demoWeb.utils.MyListener -- *******************************
14:04:37.272 [Test worker] INFO  com.demoWeb.utils.MyListener -- The locator is By.id: ConfirmPassword
14:04:37.272 [Test worker] INFO  com.demoWeb.utils.MyListener -- **********************************************************
14:04:37.302 [Test worker] INFO  com.demoWeb.utils.MyListener -- The locator will find By.id: ConfirmPassword
14:04:37.303 [Test worker] INFO  com.demoWeb.utils.MyListener -- *******************************
14:04:37.312 [Test worker] INFO  com.demoWeb.utils.MyListener -- The locator is By.id: ConfirmPassword
14:04:37.312 [Test worker] INFO  com.demoWeb.utils.MyListener -- **********************************************************
14:04:37.370 [Test worker] INFO  com.demoWeb.utils.MyListener -- The locator will find By.id: register-button
14:04:37.370 [Test worker] INFO  com.demoWeb.utils.MyListener -- *******************************
14:04:37.381 [Test worker] INFO  com.demoWeb.utils.MyListener -- The locator is By.id: register-button
14:04:37.381 [Test worker] INFO  com.demoWeb.utils.MyListener -- **********************************************************
14:04:38.253 [Test worker] INFO  com.demoWeb.utils.MyListener -- The locator will find By.xpath: //input[@class='button-1 register-continue-button']
14:04:38.254 [Test worker] INFO  com.demoWeb.utils.MyListener -- *******************************
14:04:38.270 [Test worker] INFO  com.demoWeb.utils.MyListener -- The locator is By.xpath: //input[@class='button-1 register-continue-button']
14:04:38.270 [Test worker] INFO  com.demoWeb.utils.MyListener -- **********************************************************
14:04:38.728 [Test worker] INFO  com.demo.tests.TestBase -- PASSED: newUserRegistrationPositiveWithCsvFileTest
14:04:38.729 [Test worker] INFO  com.demo.tests.TestBase -- Stop test
14:04:38.729 [Test worker] INFO  com.demo.tests.TestBase -- *********************************************************
14:04:39.597 [Test worker] INFO  com.demoWeb.fw.ApplicationManager -- Tests start in Chrome browser
14:04:40.490 [Test worker] INFO  com.demo.tests.TestBase -- Start testnewUserRegistrationPositiveWithCsvFileTest
14:04:40.492 [Test worker] INFO  com.demoWeb.utils.MyListener -- Before find elements By.cssSelector: [href='/register']
14:04:40.492 [Test worker] INFO  com.demoWeb.utils.MyListener -- **********************************************************
14:04:40.526 [Test worker] INFO  com.demoWeb.utils.MyListener -- List size is 1
14:04:40.527 [Test worker] INFO  com.demoWeb.utils.MyListener -- **********************************************************
14:04:40.530 [Test worker] INFO  com.demoWeb.utils.MyListener -- The locator will find By.xpath: //a[text()='Register']
14:04:40.531 [Test worker] INFO  com.demoWeb.utils.MyListener -- *******************************
14:04:40.553 [Test worker] INFO  com.demoWeb.utils.MyListener -- The locator is By.xpath: //a[text()='Register']
14:04:40.553 [Test worker] INFO  com.demoWeb.utils.MyListener -- **********************************************************
14:04:41.021 [Test worker] INFO  com.demoWeb.utils.MyListener -- The locator will find By.id: FirstName
14:04:41.021 [Test worker] INFO  com.demoWeb.utils.MyListener -- *******************************
14:04:41.049 [Test worker] INFO  com.demoWeb.utils.MyListener -- The locator is By.id: FirstName
14:04:41.049 [Test worker] INFO  com.demoWeb.utils.MyListener -- **********************************************************
14:04:41.133 [Test worker] INFO  com.demoWeb.utils.MyListener -- The locator will find By.id: FirstName
14:04:41.133 [Test worker] INFO  com.demoWeb.utils.MyListener -- *******************************
14:04:41.145 [Test worker] INFO  com.demoWeb.utils.MyListener -- The locator is By.id: FirstName
14:04:41.145 [Test worker] INFO  com.demoWeb.utils.MyListener -- **********************************************************
14:04:41.202 [Test worker] INFO  com.demoWeb.utils.MyListener -- The locator will find By.id: FirstName
14:04:41.202 [Test worker] INFO  com.demoWeb.utils.MyListener -- *******************************
14:04:41.214 [Test worker] INFO  com.demoWeb.utils.MyListener -- The locator is By.id: FirstName
14:04:41.214 [Test worker] INFO  com.demoWeb.utils.MyListener -- **********************************************************
14:04:41.282 [Test worker] INFO  com.demoWeb.utils.MyListener -- The locator will find By.id: LastName
14:04:41.282 [Test worker] INFO  com.demoWeb.utils.MyListener -- *******************************
14:04:41.297 [Test worker] INFO  com.demoWeb.utils.MyListener -- The locator is By.id: LastName
14:04:41.298 [Test worker] INFO  com.demoWeb.utils.MyListener -- **********************************************************
14:04:41.370 [Test worker] INFO  com.demoWeb.utils.MyListener -- The locator will find By.id: LastName
14:04:41.370 [Test worker] INFO  com.demoWeb.utils.MyListener -- *******************************
14:04:41.382 [Test worker] INFO  com.demoWeb.utils.MyListener -- The locator is By.id: LastName
14:04:41.382 [Test worker] INFO  com.demoWeb.utils.MyListener -- **********************************************************
14:04:41.414 [Test worker] INFO  com.demoWeb.utils.MyListener -- The locator will find By.id: LastName
14:04:41.414 [Test worker] INFO  com.demoWeb.utils.MyListener -- *******************************
14:04:41.423 [Test worker] INFO  com.demoWeb.utils.MyListener -- The locator is By.id: LastName
14:04:41.423 [Test worker] INFO  com.demoWeb.utils.MyListener -- **********************************************************
14:04:41.473 [Test worker] INFO  com.demoWeb.utils.MyListener -- The locator will find By.id: Email
14:04:41.475 [Test worker] INFO  com.demoWeb.utils.MyListener -- *******************************
14:04:41.511 [Test worker] INFO  com.demoWeb.utils.MyListener -- The locator is By.id: Email
14:04:41.512 [Test worker] INFO  com.demoWeb.utils.MyListener -- **********************************************************
14:04:41.575 [Test worker] INFO  com.demoWeb.utils.MyListener -- The locator will find By.id: Email
14:04:41.575 [Test worker] INFO  com.demoWeb.utils.MyListener -- *******************************
14:04:41.586 [Test worker] INFO  com.demoWeb.utils.MyListener -- The locator is By.id: Email
14:04:41.586 [Test worker] INFO  com.demoWeb.utils.MyListener -- **********************************************************
14:04:41.618 [Test worker] INFO  com.demoWeb.utils.MyListener -- The locator will find By.id: Email
14:04:41.618 [Test worker] INFO  com.demoWeb.utils.MyListener -- *******************************
14:04:41.626 [Test worker] INFO  com.demoWeb.utils.MyListener -- The locator is By.id: Email
14:04:41.627 [Test worker] INFO  com.demoWeb.utils.MyListener -- **********************************************************
14:04:41.691 [Test worker] INFO  com.demoWeb.utils.MyListener -- The locator will find By.id: Password
14:04:41.691 [Test worker] INFO  com.demoWeb.utils.MyListener -- *******************************
14:04:41.705 [Test worker] INFO  com.demoWeb.utils.MyListener -- The locator is By.id: Password
14:04:41.706 [Test worker] INFO  com.demoWeb.utils.MyListener -- **********************************************************
14:04:41.773 [Test worker] INFO  com.demoWeb.utils.MyListener -- The locator will find By.id: Password
14:04:41.774 [Test worker] INFO  com.demoWeb.utils.MyListener -- *******************************
14:04:41.782 [Test worker] INFO  com.demoWeb.utils.MyListener -- The locator is By.id: Password
14:04:41.782 [Test worker] INFO  com.demoWeb.utils.MyListener -- **********************************************************
14:04:41.806 [Test worker] INFO  com.demoWeb.utils.MyListener -- The locator will find By.id: Password
14:04:41.806 [Test worker] INFO  com.demoWeb.utils.MyListener -- *******************************
14:04:41.815 [Test worker] INFO  com.demoWeb.utils.MyListener -- The locator is By.id: Password
14:04:41.816 [Test worker] INFO  com.demoWeb.utils.MyListener -- **********************************************************
14:04:41.870 [Test worker] INFO  com.demoWeb.utils.MyListener -- The locator will find By.id: ConfirmPassword
14:04:41.870 [Test worker] INFO  com.demoWeb.utils.MyListener -- *******************************
14:04:41.886 [Test worker] INFO  com.demoWeb.utils.MyListener -- The locator is By.id: ConfirmPassword
14:04:41.887 [Test worker] INFO  com.demoWeb.utils.MyListener -- **********************************************************
14:04:41.952 [Test worker] INFO  com.demoWeb.utils.MyListener -- The locator will find By.id: ConfirmPassword
14:04:41.952 [Test worker] INFO  com.demoWeb.utils.MyListener -- *******************************
14:04:41.990 [Test worker] INFO  com.demoWeb.utils.MyListener -- The locator is By.id: ConfirmPassword
14:04:41.990 [Test worker] INFO  com.demoWeb.utils.MyListener -- **********************************************************
14:04:42.028 [Test worker] INFO  com.demoWeb.utils.MyListener -- The locator will find By.id: ConfirmPassword
14:04:42.029 [Test worker] INFO  com.demoWeb.utils.MyListener -- *******************************
14:04:42.045 [Test worker] INFO  com.demoWeb.utils.MyListener -- The locator is By.id: ConfirmPassword
14:04:42.045 [Test worker] INFO  com.demoWeb.utils.MyListener -- **********************************************************
14:04:42.154 [Test worker] INFO  com.demoWeb.utils.MyListener -- The locator will find By.id: register-button
14:04:42.154 [Test worker] INFO  com.demoWeb.utils.MyListener -- *******************************
14:04:42.170 [Test worker] INFO  com.demoWeb.utils.MyListener -- The locator is By.id: register-button
14:04:42.171 [Test worker] INFO  com.demoWeb.utils.MyListener -- **********************************************************
14:04:43.064 [Test worker] INFO  com.demoWeb.utils.MyListener -- The locator will find By.xpath: //input[@class='button-1 register-continue-button']
14:04:43.065 [Test worker] INFO  com.demoWeb.utils.MyListener -- *******************************
14:04:43.082 [Test worker] INFO  com.demoWeb.utils.MyListener -- The locator is By.xpath: //input[@class='button-1 register-continue-button']
14:04:43.083 [Test worker] INFO  com.demoWeb.utils.MyListener -- **********************************************************
14:04:43.528 [Test worker] INFO  com.demo.tests.TestBase -- PASSED: newUserRegistrationPositiveWithCsvFileTest
14:04:43.528 [Test worker] INFO  com.demo.tests.TestBase -- Stop test
14:04:43.529 [Test worker] INFO  com.demo.tests.TestBase -- *********************************************************
]]></system-out>
  <system-err><![CDATA[????. 21, 2025 2:04:22 PM org.openqa.selenium.devtools.CdpVersionFinder findNearestMatch
WARNING: Unable to find CDP implementation matching 140
????. 21, 2025 2:04:22 PM org.openqa.selenium.chromium.ChromiumDriver lambda$new$4
WARNING: Unable to find version of CDP to use for 140.0.7339.128. You may need to include a dependency on a specific version of the CDP using something similar to `org.seleniumhq.selenium:selenium-devtools-v86:4.30.0` where the version ("v86") matches the version of the chromium-based browser you're using and the version number of the artifact is the same as Selenium's.
????. 21, 2025 2:04:26 PM org.openqa.selenium.devtools.CdpVersionFinder findNearestMatch
WARNING: Unable to find CDP implementation matching 140
????. 21, 2025 2:04:26 PM org.openqa.selenium.chromium.ChromiumDriver lambda$new$4
WARNING: Unable to find version of CDP to use for 140.0.7339.128. You may need to include a dependency on a specific version of the CDP using something similar to `org.seleniumhq.selenium:selenium-devtools-v86:4.30.0` where the version ("v86") matches the version of the chromium-based browser you're using and the version number of the artifact is the same as Selenium's.
????. 21, 2025 2:04:30 PM org.openqa.selenium.devtools.CdpVersionFinder findNearestMatch
WARNING: Unable to find CDP implementation matching 140
????. 21, 2025 2:04:30 PM org.openqa.selenium.chromium.ChromiumDriver lambda$new$4
WARNING: Unable to find version of CDP to use for 140.0.7339.128. You may need to include a dependency on a specific version of the CDP using something similar to `org.seleniumhq.selenium:selenium-devtools-v86:4.30.0` where the version ("v86") matches the version of the chromium-based browser you're using and the version number of the artifact is the same as Selenium's.
????. 21, 2025 2:04:35 PM org.openqa.selenium.devtools.CdpVersionFinder findNearestMatch
WARNING: Unable to find CDP implementation matching 140
????. 21, 2025 2:04:35 PM org.openqa.selenium.chromium.ChromiumDriver lambda$new$4
WARNING: Unable to find version of CDP to use for 140.0.7339.128. You may need to include a dependency on a specific version of the CDP using something similar to `org.seleniumhq.selenium:selenium-devtools-v86:4.30.0` where the version ("v86") matches the version of the chromium-based browser you're using and the version number of the artifact is the same as Selenium's.
????. 21, 2025 2:04:39 PM org.openqa.selenium.devtools.CdpVersionFinder findNearestMatch
WARNING: Unable to find CDP implementation matching 140
????. 21, 2025 2:04:39 PM org.openqa.selenium.chromium.ChromiumDriver lambda$new$4
WARNING: Unable to find version of CDP to use for 140.0.7339.128. You may need to include a dependency on a specific version of the CDP using something similar to `org.seleniumhq.selenium:selenium-devtools-v86:4.30.0` where the version ("v86") matches the version of the chromium-based browser you're using and the version number of the artifact is the same as Selenium's.
]]></system-err>
</testsuite>
