<?xml version="1.0" encoding="UTF-8"?>
<testsuite name="com.demo.tests.AddItemToCartTests" tests="1" skipped="0" failures="0" errors="0" timestamp="2025-09-21T12:04:21" hostname="DOM" time="0.682">
  <properties/>
  <testcase name="addToCardPositiveTest" classname="com.demo.tests.AddItemToCartTests" time="0.682"/>
  <system-out><![CDATA[14:04:18.514 [Test worker] INFO  com.demoWeb.fw.ApplicationManager -- Tests start in Chrome browser
14:04:19.779 [Test worker] INFO  com.demo.tests.TestBase -- Start testaddToCardPositiveTest
14:04:19.782 [Test worker] INFO  com.demoWeb.utils.MyListener -- Before find elements By.cssSelector: [href='/login']
14:04:19.782 [Test worker] INFO  com.demoWeb.utils.MyListener -- **********************************************************
14:04:19.826 [Test worker] INFO  com.demoWeb.utils.MyListener -- List size is 1
14:04:19.827 [Test worker] INFO  com.demoWeb.utils.MyListener -- **********************************************************
14:04:19.830 [Test worker] INFO  com.demoWeb.utils.MyListener -- Before find elements By.xpath: //h2[contains(text(),'Welcome to our store')]
14:04:19.830 [Test worker] INFO  com.demoWeb.utils.MyListener -- **********************************************************
14:04:19.845 [Test worker] INFO  com.demoWeb.utils.MyListener -- List size is 1
14:04:19.845 [Test worker] INFO  com.demoWeb.utils.MyListener -- **********************************************************
14:04:19.846 [Test worker] INFO  com.demoWeb.utils.MyListener -- The locator will find By.cssSelector: [href='/login']
14:04:19.846 [Test worker] INFO  com.demoWeb.utils.MyListener -- *******************************
14:04:19.859 [Test worker] INFO  com.demoWeb.utils.MyListener -- The locator is By.cssSelector: [href='/login']
14:04:19.859 [Test worker] INFO  com.demoWeb.utils.MyListener -- **********************************************************
14:04:20.234 [Test worker] INFO  com.demoWeb.utils.MyListener -- The locator will find By.id: Email
14:04:20.236 [Test worker] INFO  com.demoWeb.utils.MyListener -- *******************************
14:04:20.251 [Test worker] INFO  com.demoWeb.utils.MyListener -- The locator is By.id: Email
14:04:20.251 [Test worker] INFO  com.demoWeb.utils.MyListener -- **********************************************************
14:04:20.296 [Test worker] INFO  com.demoWeb.utils.MyListener -- The locator will find By.id: Email
14:04:20.297 [Test worker] INFO  com.demoWeb.utils.MyListener -- *******************************
14:04:20.308 [Test worker] INFO  com.demoWeb.utils.MyListener -- The locator is By.id: Email
14:04:20.308 [Test worker] INFO  com.demoWeb.utils.MyListener -- **********************************************************
14:04:20.330 [Test worker] INFO  com.demoWeb.utils.MyListener -- The locator will find By.id: Email
14:04:20.330 [Test worker] INFO  com.demoWeb.utils.MyListener -- *******************************
14:04:20.343 [Test worker] INFO  com.demoWeb.utils.MyListener -- The locator is By.id: Email
14:04:20.343 [Test worker] INFO  com.demoWeb.utils.MyListener -- **********************************************************
14:04:20.386 [Test worker] INFO  com.demoWeb.utils.MyListener -- The locator will find By.id: Password
14:04:20.386 [Test worker] INFO  com.demoWeb.utils.MyListener -- *******************************
14:04:20.399 [Test worker] INFO  com.demoWeb.utils.MyListener -- The locator is By.id: Password
14:04:20.400 [Test worker] INFO  com.demoWeb.utils.MyListener -- **********************************************************
14:04:20.440 [Test worker] INFO  com.demoWeb.utils.MyListener -- The locator will find By.id: Password
14:04:20.440 [Test worker] INFO  com.demoWeb.utils.MyListener -- *******************************
14:04:20.448 [Test worker] INFO  com.demoWeb.utils.MyListener -- The locator is By.id: Password
14:04:20.448 [Test worker] INFO  com.demoWeb.utils.MyListener -- **********************************************************
14:04:20.467 [Test worker] INFO  com.demoWeb.utils.MyListener -- The locator will find By.id: Password
14:04:20.468 [Test worker] INFO  com.demoWeb.utils.MyListener -- *******************************
14:04:20.476 [Test worker] INFO  com.demoWeb.utils.MyListener -- The locator is By.id: Password
14:04:20.476 [Test worker] INFO  com.demoWeb.utils.MyListener -- **********************************************************
14:04:20.504 [Test worker] INFO  com.demoWeb.utils.MyListener -- The locator will find By.xpath: //input[@value='Log in']
14:04:20.505 [Test worker] INFO  com.demoWeb.utils.MyListener -- *******************************
14:04:20.516 [Test worker] INFO  com.demoWeb.utils.MyListener -- The locator is By.xpath: //input[@value='Log in']
14:04:20.517 [Test worker] INFO  com.demoWeb.utils.MyListener -- **********************************************************
14:04:21.001 [Test worker] INFO  com.demoWeb.utils.MyListener -- The locator will find By.xpath: (//input[@value='Add to cart'])[2]
14:04:21.006 [Test worker] INFO  com.demoWeb.utils.MyListener -- *******************************
14:04:21.047 [Test worker] INFO  com.demoWeb.utils.MyListener -- The locator is By.xpath: (//input[@value='Add to cart'])[2]
14:04:21.047 [Test worker] INFO  com.demoWeb.utils.MyListener -- **********************************************************
14:04:21.140 [Test worker] INFO  com.demoWeb.utils.MyListener -- The locator will find By.xpath: //span[.='Shopping cart']
14:04:21.140 [Test worker] INFO  com.demoWeb.utils.MyListener -- *******************************
14:04:21.159 [Test worker] INFO  com.demoWeb.utils.MyListener -- The locator is By.xpath: //span[.='Shopping cart']
14:04:21.159 [Test worker] INFO  com.demoWeb.utils.MyListener -- **********************************************************
14:04:21.657 [Test worker] INFO  com.demoWeb.utils.MyListener -- Before find elements By.xpath: (//a[text()='14.1-inch Laptop'])[2]
14:04:21.658 [Test worker] INFO  com.demoWeb.utils.MyListener -- **********************************************************
14:04:21.664 [Test worker] INFO  com.demoWeb.utils.MyListener -- List size is 1
14:04:21.664 [Test worker] INFO  com.demoWeb.utils.MyListener -- **********************************************************
14:04:21.683 [Test worker] INFO  com.demo.tests.TestBase -- PASSED: addToCardPositiveTest
14:04:21.683 [Test worker] INFO  com.demo.tests.TestBase -- Stop test
14:04:21.683 [Test worker] INFO  com.demo.tests.TestBase -- *********************************************************
]]></system-out>
  <system-err><![CDATA[????. 21, 2025 2:04:18 PM org.openqa.selenium.devtools.CdpVersionFinder findNearestMatch
WARNING: Unable to find CDP implementation matching 140
????. 21, 2025 2:04:18 PM org.openqa.selenium.chromium.ChromiumDriver lambda$new$4
WARNING: Unable to find version of CDP to use for 140.0.7339.128. You may need to include a dependency on a specific version of the CDP using something similar to `org.seleniumhq.selenium:selenium-devtools-v86:4.30.0` where the version ("v86") matches the version of the chromium-based browser you're using and the version number of the artifact is the same as Selenium's.
]]></system-err>
</testsuite>
