<?xml version="1.0" encoding="UTF-8"?>
<testsuite name="com.demo.tests.CreateAccountTests" tests="5" skipped="0" failures="0" errors="0" timestamp="2025-09-21T10:33:11.528Z" hostname="DOM" time="20.529">
  <properties/>
  <testcase name="newUserRegistrationNegativeTest" classname="com.demo.tests.CreateAccountTests" time="1.863"/>
  <testcase name="newUserRegistrationPositiveWithCsvFileTest[0](com.demoWeb.models.User@61ab89b0)" classname="com.demo.tests.CreateAccountTests" time="2.732"/>
  <testcase name="newUserRegistrationPositiveWithCsvFileTest[1](com.demoWeb.models.User@479111ba)" classname="com.demo.tests.CreateAccountTests" time="2.796"/>
  <testcase name="newUserRegistrationPositiveWithCsvFileTest[2](com.demoWeb.models.User@553da911)" classname="com.demo.tests.CreateAccountTests" time="2.84"/>
  <testcase name="newUserRegistrationPositiveWithCsvFileTest[3](com.demoWeb.models.User@1c628f6a)" classname="com.demo.tests.CreateAccountTests" time="3.216"/>
  <system-out><![CDATA[12:33:10.646 [Test worker] INFO  com.demoWeb.fw.ApplicationManager -- Tests start in Chrome browser
12:33:11.491 [Test worker] INFO  com.demo.tests.TestBase -- Start testnewUserRegistrationNegativeTest
12:33:11.493 [Test worker] INFO  com.demoWeb.utils.MyListener -- Before find elements By.cssSelector: [href='/register']
12:33:11.494 [Test worker] INFO  com.demoWeb.utils.MyListener -- **********************************************************
12:33:11.527 [Test worker] INFO  com.demoWeb.utils.MyListener -- List size is 1
12:33:11.528 [Test worker] INFO  com.demoWeb.utils.MyListener -- **********************************************************
12:33:11.529 [Test worker] INFO  com.demoWeb.utils.MyListener -- The locator will find By.xpath: //a[text()='Register']
12:33:11.530 [Test worker] INFO  com.demoWeb.utils.MyListener -- *******************************
12:33:11.552 [Test worker] INFO  com.demoWeb.utils.MyListener -- The locator is By.xpath: //a[text()='Register']
12:33:11.552 [Test worker] INFO  com.demoWeb.utils.MyListener -- **********************************************************
12:33:11.997 [Test worker] INFO  com.demoWeb.utils.MyListener -- The locator will find By.id: FirstName
12:33:11.997 [Test worker] INFO  com.demoWeb.utils.MyListener -- *******************************
12:33:12.011 [Test worker] INFO  com.demoWeb.utils.MyListener -- The locator is By.id: FirstName
12:33:12.011 [Test worker] INFO  com.demoWeb.utils.MyListener -- **********************************************************
12:33:12.064 [Test worker] INFO  com.demoWeb.utils.MyListener -- The locator will find By.id: FirstName
12:33:12.064 [Test worker] INFO  com.demoWeb.utils.MyListener -- *******************************
12:33:12.073 [Test worker] INFO  com.demoWeb.utils.MyListener -- The locator is By.id: FirstName
12:33:12.073 [Test worker] INFO  com.demoWeb.utils.MyListener -- **********************************************************
12:33:12.097 [Test worker] INFO  com.demoWeb.utils.MyListener -- The locator will find By.id: FirstName
12:33:12.098 [Test worker] INFO  com.demoWeb.utils.MyListener -- *******************************
12:33:12.105 [Test worker] INFO  com.demoWeb.utils.MyListener -- The locator is By.id: FirstName
12:33:12.106 [Test worker] INFO  com.demoWeb.utils.MyListener -- **********************************************************
12:33:12.143 [Test worker] INFO  com.demoWeb.utils.MyListener -- The locator will find By.id: LastName
12:33:12.143 [Test worker] INFO  com.demoWeb.utils.MyListener -- *******************************
12:33:12.155 [Test worker] INFO  com.demoWeb.utils.MyListener -- The locator is By.id: LastName
12:33:12.155 [Test worker] INFO  com.demoWeb.utils.MyListener -- **********************************************************
12:33:12.201 [Test worker] INFO  com.demoWeb.utils.MyListener -- The locator will find By.id: LastName
12:33:12.201 [Test worker] INFO  com.demoWeb.utils.MyListener -- *******************************
12:33:12.211 [Test worker] INFO  com.demoWeb.utils.MyListener -- The locator is By.id: LastName
12:33:12.211 [Test worker] INFO  com.demoWeb.utils.MyListener -- **********************************************************
12:33:12.229 [Test worker] INFO  com.demoWeb.utils.MyListener -- The locator will find By.id: LastName
12:33:12.229 [Test worker] INFO  com.demoWeb.utils.MyListener -- *******************************
12:33:12.237 [Test worker] INFO  com.demoWeb.utils.MyListener -- The locator is By.id: LastName
12:33:12.238 [Test worker] INFO  com.demoWeb.utils.MyListener -- **********************************************************
12:33:12.267 [Test worker] INFO  com.demoWeb.utils.MyListener -- The locator will find By.id: Email
12:33:12.268 [Test worker] INFO  com.demoWeb.utils.MyListener -- *******************************
12:33:12.277 [Test worker] INFO  com.demoWeb.utils.MyListener -- The locator is By.id: Email
12:33:12.278 [Test worker] INFO  com.demoWeb.utils.MyListener -- **********************************************************
12:33:12.317 [Test worker] INFO  com.demoWeb.utils.MyListener -- The locator will find By.id: Email
12:33:12.318 [Test worker] INFO  com.demoWeb.utils.MyListener -- *******************************
12:33:12.326 [Test worker] INFO  com.demoWeb.utils.MyListener -- The locator is By.id: Email
12:33:12.327 [Test worker] INFO  com.demoWeb.utils.MyListener -- **********************************************************
12:33:12.363 [Test worker] INFO  com.demoWeb.utils.MyListener -- The locator will find By.id: Email
12:33:12.365 [Test worker] INFO  com.demoWeb.utils.MyListener -- *******************************
12:33:12.372 [Test worker] INFO  com.demoWeb.utils.MyListener -- The locator is By.id: Email
12:33:12.372 [Test worker] INFO  com.demoWeb.utils.MyListener -- **********************************************************
12:33:12.404 [Test worker] INFO  com.demoWeb.utils.MyListener -- The locator will find By.id: Password
12:33:12.404 [Test worker] INFO  com.demoWeb.utils.MyListener -- *******************************
12:33:12.416 [Test worker] INFO  com.demoWeb.utils.MyListener -- The locator is By.id: Password
12:33:12.416 [Test worker] INFO  com.demoWeb.utils.MyListener -- **********************************************************
12:33:12.455 [Test worker] INFO  com.demoWeb.utils.MyListener -- The locator will find By.id: Password
12:33:12.455 [Test worker] INFO  com.demoWeb.utils.MyListener -- *******************************
12:33:12.461 [Test worker] INFO  com.demoWeb.utils.MyListener -- The locator is By.id: Password
12:33:12.463 [Test worker] INFO  com.demoWeb.utils.MyListener -- **********************************************************
12:33:12.498 [Test worker] INFO  com.demoWeb.utils.MyListener -- The locator will find By.id: Password
12:33:12.499 [Test worker] INFO  com.demoWeb.utils.MyListener -- *******************************
12:33:12.506 [Test worker] INFO  com.demoWeb.utils.MyListener -- The locator is By.id: Password
12:33:12.506 [Test worker] INFO  com.demoWeb.utils.MyListener -- **********************************************************
12:33:12.537 [Test worker] INFO  com.demoWeb.utils.MyListener -- The locator will find By.id: ConfirmPassword
12:33:12.537 [Test worker] INFO  com.demoWeb.utils.MyListener -- *******************************
12:33:12.565 [Test worker] INFO  com.demoWeb.utils.MyListener -- The locator is By.id: ConfirmPassword
12:33:12.566 [Test worker] INFO  com.demoWeb.utils.MyListener -- **********************************************************
12:33:12.600 [Test worker] INFO  com.demoWeb.utils.MyListener -- The locator will find By.id: ConfirmPassword
12:33:12.602 [Test worker] INFO  com.demoWeb.utils.MyListener -- *******************************
12:33:12.605 [Test worker] INFO  com.demoWeb.utils.MyListener -- The locator is By.id: ConfirmPassword
12:33:12.605 [Test worker] INFO  com.demoWeb.utils.MyListener -- **********************************************************
12:33:12.627 [Test worker] INFO  com.demoWeb.utils.MyListener -- The locator will find By.id: ConfirmPassword
12:33:12.627 [Test worker] INFO  com.demoWeb.utils.MyListener -- *******************************
12:33:12.634 [Test worker] INFO  com.demoWeb.utils.MyListener -- The locator is By.id: ConfirmPassword
12:33:12.634 [Test worker] INFO  com.demoWeb.utils.MyListener -- **********************************************************
12:33:12.661 [Test worker] INFO  com.demoWeb.utils.MyListener -- The locator will find By.id: register-button
12:33:12.661 [Test worker] INFO  com.demoWeb.utils.MyListener -- *******************************
12:33:12.670 [Test worker] INFO  com.demoWeb.utils.MyListener -- The locator is By.id: register-button
12:33:12.670 [Test worker] INFO  com.demoWeb.utils.MyListener -- **********************************************************
12:33:13.357 [Test worker] INFO  com.demoWeb.utils.MyListener -- Before find elements By.cssSelector: div[class='validation-summary-errors'] ul li
12:33:13.357 [Test worker] INFO  com.demoWeb.utils.MyListener -- **********************************************************
12:33:13.391 [Test worker] INFO  com.demoWeb.utils.MyListener -- List size is 1
12:33:13.391 [Test worker] INFO  com.demoWeb.utils.MyListener -- **********************************************************
12:33:13.392 [Test worker] INFO  com.demo.tests.TestBase -- PASSED: newUserRegistrationNegativeTest
12:33:13.393 [Test worker] INFO  com.demo.tests.TestBase -- Stop test
12:33:13.394 [Test worker] INFO  com.demo.tests.TestBase -- *********************************************************
12:33:14.175 [Test worker] INFO  com.demoWeb.fw.ApplicationManager -- Tests start in Chrome browser
12:33:15.050 [Test worker] INFO  com.demo.tests.TestBase -- Start testnewUserRegistrationPositiveWithCsvFileTest
12:33:15.052 [Test worker] INFO  com.demoWeb.utils.MyListener -- Before find elements By.cssSelector: [href='/register']
12:33:15.052 [Test worker] INFO  com.demoWeb.utils.MyListener -- **********************************************************
12:33:15.093 [Test worker] INFO  com.demoWeb.utils.MyListener -- List size is 1
12:33:15.093 [Test worker] INFO  com.demoWeb.utils.MyListener -- **********************************************************
12:33:15.095 [Test worker] INFO  com.demoWeb.utils.MyListener -- The locator will find By.xpath: //a[text()='Register']
12:33:15.095 [Test worker] INFO  com.demoWeb.utils.MyListener -- *******************************
12:33:15.109 [Test worker] INFO  com.demoWeb.utils.MyListener -- The locator is By.xpath: //a[text()='Register']
12:33:15.110 [Test worker] INFO  com.demoWeb.utils.MyListener -- **********************************************************
12:33:15.642 [Test worker] INFO  com.demoWeb.utils.MyListener -- The locator will find By.id: FirstName
12:33:15.642 [Test worker] INFO  com.demoWeb.utils.MyListener -- *******************************
12:33:15.665 [Test worker] INFO  com.demoWeb.utils.MyListener -- The locator is By.id: FirstName
12:33:15.666 [Test worker] INFO  com.demoWeb.utils.MyListener -- **********************************************************
12:33:15.742 [Test worker] INFO  com.demoWeb.utils.MyListener -- The locator will find By.id: FirstName
12:33:15.742 [Test worker] INFO  com.demoWeb.utils.MyListener -- *******************************
12:33:15.754 [Test worker] INFO  com.demoWeb.utils.MyListener -- The locator is By.id: FirstName
12:33:15.756 [Test worker] INFO  com.demoWeb.utils.MyListener -- **********************************************************
12:33:15.790 [Test worker] INFO  com.demoWeb.utils.MyListener -- The locator will find By.id: FirstName
12:33:15.790 [Test worker] INFO  com.demoWeb.utils.MyListener -- *******************************
12:33:15.801 [Test worker] INFO  com.demoWeb.utils.MyListener -- The locator is By.id: FirstName
12:33:15.801 [Test worker] INFO  com.demoWeb.utils.MyListener -- **********************************************************
12:33:15.850 [Test worker] INFO  com.demoWeb.utils.MyListener -- The locator will find By.id: LastName
12:33:15.851 [Test worker] INFO  com.demoWeb.utils.MyListener -- *******************************
12:33:15.863 [Test worker] INFO  com.demoWeb.utils.MyListener -- The locator is By.id: LastName
12:33:15.863 [Test worker] INFO  com.demoWeb.utils.MyListener -- **********************************************************
12:33:15.930 [Test worker] INFO  com.demoWeb.utils.MyListener -- The locator will find By.id: LastName
12:33:15.931 [Test worker] INFO  com.demoWeb.utils.MyListener -- *******************************
12:33:15.963 [Test worker] INFO  com.demoWeb.utils.MyListener -- The locator is By.id: LastName
12:33:15.963 [Test worker] INFO  com.demoWeb.utils.MyListener -- **********************************************************
12:33:15.989 [Test worker] INFO  com.demoWeb.utils.MyListener -- The locator will find By.id: LastName
12:33:15.989 [Test worker] INFO  com.demoWeb.utils.MyListener -- *******************************
12:33:15.998 [Test worker] INFO  com.demoWeb.utils.MyListener -- The locator is By.id: LastName
12:33:15.999 [Test worker] INFO  com.demoWeb.utils.MyListener -- **********************************************************
12:33:16.029 [Test worker] INFO  com.demoWeb.utils.MyListener -- The locator will find By.id: Email
12:33:16.029 [Test worker] INFO  com.demoWeb.utils.MyListener -- *******************************
12:33:16.047 [Test worker] INFO  com.demoWeb.utils.MyListener -- The locator is By.id: Email
12:33:16.047 [Test worker] INFO  com.demoWeb.utils.MyListener -- **********************************************************
12:33:16.138 [Test worker] INFO  com.demoWeb.utils.MyListener -- The locator will find By.id: Email
12:33:16.138 [Test worker] INFO  com.demoWeb.utils.MyListener -- *******************************
12:33:16.147 [Test worker] INFO  com.demoWeb.utils.MyListener -- The locator is By.id: Email
12:33:16.147 [Test worker] INFO  com.demoWeb.utils.MyListener -- **********************************************************
12:33:16.177 [Test worker] INFO  com.demoWeb.utils.MyListener -- The locator will find By.id: Email
12:33:16.178 [Test worker] INFO  com.demoWeb.utils.MyListener -- *******************************
12:33:16.187 [Test worker] INFO  com.demoWeb.utils.MyListener -- The locator is By.id: Email
12:33:16.188 [Test worker] INFO  com.demoWeb.utils.MyListener -- **********************************************************
12:33:16.251 [Test worker] INFO  com.demoWeb.utils.MyListener -- The locator will find By.id: Password
12:33:16.251 [Test worker] INFO  com.demoWeb.utils.MyListener -- *******************************
12:33:16.263 [Test worker] INFO  com.demoWeb.utils.MyListener -- The locator is By.id: Password
12:33:16.264 [Test worker] INFO  com.demoWeb.utils.MyListener -- **********************************************************
12:33:16.327 [Test worker] INFO  com.demoWeb.utils.MyListener -- The locator will find By.id: Password
12:33:16.329 [Test worker] INFO  com.demoWeb.utils.MyListener -- *******************************
12:33:16.337 [Test worker] INFO  com.demoWeb.utils.MyListener -- The locator is By.id: Password
12:33:16.337 [Test worker] INFO  com.demoWeb.utils.MyListener -- **********************************************************
12:33:16.364 [Test worker] INFO  com.demoWeb.utils.MyListener -- The locator will find By.id: Password
12:33:16.364 [Test worker] INFO  com.demoWeb.utils.MyListener -- *******************************
12:33:16.374 [Test worker] INFO  com.demoWeb.utils.MyListener -- The locator is By.id: Password
12:33:16.374 [Test worker] INFO  com.demoWeb.utils.MyListener -- **********************************************************
12:33:16.415 [Test worker] INFO  com.demoWeb.utils.MyListener -- The locator will find By.id: ConfirmPassword
12:33:16.415 [Test worker] INFO  com.demoWeb.utils.MyListener -- *******************************
12:33:16.427 [Test worker] INFO  com.demoWeb.utils.MyListener -- The locator is By.id: ConfirmPassword
12:33:16.428 [Test worker] INFO  com.demoWeb.utils.MyListener -- **********************************************************
12:33:16.488 [Test worker] INFO  com.demoWeb.utils.MyListener -- The locator will find By.id: ConfirmPassword
12:33:16.488 [Test worker] INFO  com.demoWeb.utils.MyListener -- *******************************
12:33:16.500 [Test worker] INFO  com.demoWeb.utils.MyListener -- The locator is By.id: ConfirmPassword
12:33:16.500 [Test worker] INFO  com.demoWeb.utils.MyListener -- **********************************************************
12:33:16.522 [Test worker] INFO  com.demoWeb.utils.MyListener -- The locator will find By.id: ConfirmPassword
12:33:16.522 [Test worker] INFO  com.demoWeb.utils.MyListener -- *******************************
12:33:16.530 [Test worker] INFO  com.demoWeb.utils.MyListener -- The locator is By.id: ConfirmPassword
12:33:16.530 [Test worker] INFO  com.demoWeb.utils.MyListener -- **********************************************************
12:33:16.564 [Test worker] INFO  com.demoWeb.utils.MyListener -- The locator will find By.id: register-button
12:33:16.564 [Test worker] INFO  com.demoWeb.utils.MyListener -- *******************************
12:33:16.582 [Test worker] INFO  com.demoWeb.utils.MyListener -- The locator is By.id: register-button
12:33:16.582 [Test worker] INFO  com.demoWeb.utils.MyListener -- **********************************************************
12:33:17.377 [Test worker] INFO  com.demoWeb.utils.MyListener -- The locator will find By.xpath: //input[@class='button-1 register-continue-button']
12:33:17.377 [Test worker] INFO  com.demoWeb.utils.MyListener -- *******************************
12:33:17.399 [Test worker] INFO  com.demoWeb.utils.MyListener -- The locator is By.xpath: //input[@class='button-1 register-continue-button']
12:33:17.399 [Test worker] INFO  com.demoWeb.utils.MyListener -- **********************************************************
12:33:17.826 [Test worker] INFO  com.demo.tests.TestBase -- PASSED: newUserRegistrationPositiveWithCsvFileTest
12:33:17.827 [Test worker] INFO  com.demo.tests.TestBase -- Stop test
12:33:17.827 [Test worker] INFO  com.demo.tests.TestBase -- *********************************************************
12:33:18.651 [Test worker] INFO  com.demoWeb.fw.ApplicationManager -- Tests start in Chrome browser
12:33:19.559 [Test worker] INFO  com.demo.tests.TestBase -- Start testnewUserRegistrationPositiveWithCsvFileTest
12:33:19.560 [Test worker] INFO  com.demoWeb.utils.MyListener -- Before find elements By.cssSelector: [href='/register']
12:33:19.561 [Test worker] INFO  com.demoWeb.utils.MyListener -- **********************************************************
12:33:19.596 [Test worker] INFO  com.demoWeb.utils.MyListener -- List size is 1
12:33:19.597 [Test worker] INFO  com.demoWeb.utils.MyListener -- **********************************************************
12:33:19.598 [Test worker] INFO  com.demoWeb.utils.MyListener -- The locator will find By.xpath: //a[text()='Register']
12:33:19.599 [Test worker] INFO  com.demoWeb.utils.MyListener -- *******************************
12:33:19.623 [Test worker] INFO  com.demoWeb.utils.MyListener -- The locator is By.xpath: //a[text()='Register']
12:33:19.624 [Test worker] INFO  com.demoWeb.utils.MyListener -- **********************************************************
12:33:20.061 [Test worker] INFO  com.demoWeb.utils.MyListener -- The locator will find By.id: FirstName
12:33:20.062 [Test worker] INFO  com.demoWeb.utils.MyListener -- *******************************
12:33:20.081 [Test worker] INFO  com.demoWeb.utils.MyListener -- The locator is By.id: FirstName
12:33:20.081 [Test worker] INFO  com.demoWeb.utils.MyListener -- **********************************************************
12:33:20.136 [Test worker] INFO  com.demoWeb.utils.MyListener -- The locator will find By.id: FirstName
12:33:20.136 [Test worker] INFO  com.demoWeb.utils.MyListener -- *******************************
12:33:20.150 [Test worker] INFO  com.demoWeb.utils.MyListener -- The locator is By.id: FirstName
12:33:20.150 [Test worker] INFO  com.demoWeb.utils.MyListener -- **********************************************************
12:33:20.173 [Test worker] INFO  com.demoWeb.utils.MyListener -- The locator will find By.id: FirstName
12:33:20.174 [Test worker] INFO  com.demoWeb.utils.MyListener -- *******************************
12:33:20.185 [Test worker] INFO  com.demoWeb.utils.MyListener -- The locator is By.id: FirstName
12:33:20.186 [Test worker] INFO  com.demoWeb.utils.MyListener -- **********************************************************
12:33:20.233 [Test worker] INFO  com.demoWeb.utils.MyListener -- The locator will find By.id: LastName
12:33:20.233 [Test worker] INFO  com.demoWeb.utils.MyListener -- *******************************
12:33:20.248 [Test worker] INFO  com.demoWeb.utils.MyListener -- The locator is By.id: LastName
12:33:20.248 [Test worker] INFO  com.demoWeb.utils.MyListener -- **********************************************************
12:33:20.294 [Test worker] INFO  com.demoWeb.utils.MyListener -- The locator will find By.id: LastName
12:33:20.295 [Test worker] INFO  com.demoWeb.utils.MyListener -- *******************************
12:33:20.305 [Test worker] INFO  com.demoWeb.utils.MyListener -- The locator is By.id: LastName
12:33:20.305 [Test worker] INFO  com.demoWeb.utils.MyListener -- **********************************************************
12:33:20.339 [Test worker] INFO  com.demoWeb.utils.MyListener -- The locator will find By.id: LastName
12:33:20.340 [Test worker] INFO  com.demoWeb.utils.MyListener -- *******************************
12:33:20.354 [Test worker] INFO  com.demoWeb.utils.MyListener -- The locator is By.id: LastName
12:33:20.354 [Test worker] INFO  com.demoWeb.utils.MyListener -- **********************************************************
12:33:20.379 [Test worker] INFO  com.demoWeb.utils.MyListener -- The locator will find By.id: Email
12:33:20.379 [Test worker] INFO  com.demoWeb.utils.MyListener -- *******************************
12:33:20.388 [Test worker] INFO  com.demoWeb.utils.MyListener -- The locator is By.id: Email
12:33:20.388 [Test worker] INFO  com.demoWeb.utils.MyListener -- **********************************************************
12:33:20.467 [Test worker] INFO  com.demoWeb.utils.MyListener -- The locator will find By.id: Email
12:33:20.467 [Test worker] INFO  com.demoWeb.utils.MyListener -- *******************************
12:33:20.476 [Test worker] INFO  com.demoWeb.utils.MyListener -- The locator is By.id: Email
12:33:20.476 [Test worker] INFO  com.demoWeb.utils.MyListener -- **********************************************************
12:33:20.504 [Test worker] INFO  com.demoWeb.utils.MyListener -- The locator will find By.id: Email
12:33:20.505 [Test worker] INFO  com.demoWeb.utils.MyListener -- *******************************
12:33:20.513 [Test worker] INFO  com.demoWeb.utils.MyListener -- The locator is By.id: Email
12:33:20.513 [Test worker] INFO  com.demoWeb.utils.MyListener -- **********************************************************
12:33:20.587 [Test worker] INFO  com.demoWeb.utils.MyListener -- The locator will find By.id: Password
12:33:20.588 [Test worker] INFO  com.demoWeb.utils.MyListener -- *******************************
12:33:20.604 [Test worker] INFO  com.demoWeb.utils.MyListener -- The locator is By.id: Password
12:33:20.604 [Test worker] INFO  com.demoWeb.utils.MyListener -- **********************************************************
12:33:20.671 [Test worker] INFO  com.demoWeb.utils.MyListener -- The locator will find By.id: Password
12:33:20.672 [Test worker] INFO  com.demoWeb.utils.MyListener -- *******************************
12:33:20.696 [Test worker] INFO  com.demoWeb.utils.MyListener -- The locator is By.id: Password
12:33:20.696 [Test worker] INFO  com.demoWeb.utils.MyListener -- **********************************************************
12:33:20.730 [Test worker] INFO  com.demoWeb.utils.MyListener -- The locator will find By.id: Password
12:33:20.730 [Test worker] INFO  com.demoWeb.utils.MyListener -- *******************************
12:33:20.742 [Test worker] INFO  com.demoWeb.utils.MyListener -- The locator is By.id: Password
12:33:20.742 [Test worker] INFO  com.demoWeb.utils.MyListener -- **********************************************************
12:33:20.798 [Test worker] INFO  com.demoWeb.utils.MyListener -- The locator will find By.id: ConfirmPassword
12:33:20.798 [Test worker] INFO  com.demoWeb.utils.MyListener -- *******************************
12:33:20.812 [Test worker] INFO  com.demoWeb.utils.MyListener -- The locator is By.id: ConfirmPassword
12:33:20.812 [Test worker] INFO  com.demoWeb.utils.MyListener -- **********************************************************
12:33:20.877 [Test worker] INFO  com.demoWeb.utils.MyListener -- The locator will find By.id: ConfirmPassword
12:33:20.878 [Test worker] INFO  com.demoWeb.utils.MyListener -- *******************************
12:33:20.889 [Test worker] INFO  com.demoWeb.utils.MyListener -- The locator is By.id: ConfirmPassword
12:33:20.889 [Test worker] INFO  com.demoWeb.utils.MyListener -- **********************************************************
12:33:20.914 [Test worker] INFO  com.demoWeb.utils.MyListener -- The locator will find By.id: ConfirmPassword
12:33:20.914 [Test worker] INFO  com.demoWeb.utils.MyListener -- *******************************
12:33:20.923 [Test worker] INFO  com.demoWeb.utils.MyListener -- The locator is By.id: ConfirmPassword
12:33:20.923 [Test worker] INFO  com.demoWeb.utils.MyListener -- **********************************************************
12:33:20.980 [Test worker] INFO  com.demoWeb.utils.MyListener -- The locator will find By.id: register-button
12:33:20.980 [Test worker] INFO  com.demoWeb.utils.MyListener -- *******************************
12:33:20.994 [Test worker] INFO  com.demoWeb.utils.MyListener -- The locator is By.id: register-button
12:33:20.994 [Test worker] INFO  com.demoWeb.utils.MyListener -- **********************************************************
12:33:21.900 [Test worker] INFO  com.demoWeb.utils.MyListener -- The locator will find By.xpath: //input[@class='button-1 register-continue-button']
12:33:21.901 [Test worker] INFO  com.demoWeb.utils.MyListener -- *******************************
12:33:21.916 [Test worker] INFO  com.demoWeb.utils.MyListener -- The locator is By.xpath: //input[@class='button-1 register-continue-button']
12:33:21.917 [Test worker] INFO  com.demoWeb.utils.MyListener -- **********************************************************
12:33:22.400 [Test worker] INFO  com.demo.tests.TestBase -- PASSED: newUserRegistrationPositiveWithCsvFileTest
12:33:22.401 [Test worker] INFO  com.demo.tests.TestBase -- Stop test
12:33:22.401 [Test worker] INFO  com.demo.tests.TestBase -- *********************************************************
12:33:23.285 [Test worker] INFO  com.demoWeb.fw.ApplicationManager -- Tests start in Chrome browser
12:33:24.151 [Test worker] INFO  com.demo.tests.TestBase -- Start testnewUserRegistrationPositiveWithCsvFileTest
12:33:24.158 [Test worker] INFO  com.demoWeb.utils.MyListener -- Before find elements By.cssSelector: [href='/register']
12:33:24.159 [Test worker] INFO  com.demoWeb.utils.MyListener -- **********************************************************
12:33:24.196 [Test worker] INFO  com.demoWeb.utils.MyListener -- List size is 1
12:33:24.196 [Test worker] INFO  com.demoWeb.utils.MyListener -- **********************************************************
12:33:24.197 [Test worker] INFO  com.demoWeb.utils.MyListener -- The locator will find By.xpath: //a[text()='Register']
12:33:24.198 [Test worker] INFO  com.demoWeb.utils.MyListener -- *******************************
12:33:24.215 [Test worker] INFO  com.demoWeb.utils.MyListener -- The locator is By.xpath: //a[text()='Register']
12:33:24.215 [Test worker] INFO  com.demoWeb.utils.MyListener -- **********************************************************
12:33:24.720 [Test worker] INFO  com.demoWeb.utils.MyListener -- The locator will find By.id: FirstName
12:33:24.720 [Test worker] INFO  com.demoWeb.utils.MyListener -- *******************************
12:33:24.740 [Test worker] INFO  com.demoWeb.utils.MyListener -- The locator is By.id: FirstName
12:33:24.740 [Test worker] INFO  com.demoWeb.utils.MyListener -- **********************************************************
12:33:24.816 [Test worker] INFO  com.demoWeb.utils.MyListener -- The locator will find By.id: FirstName
12:33:24.818 [Test worker] INFO  com.demoWeb.utils.MyListener -- *******************************
12:33:24.831 [Test worker] INFO  com.demoWeb.utils.MyListener -- The locator is By.id: FirstName
12:33:24.832 [Test worker] INFO  com.demoWeb.utils.MyListener -- **********************************************************
12:33:24.868 [Test worker] INFO  com.demoWeb.utils.MyListener -- The locator will find By.id: FirstName
12:33:24.868 [Test worker] INFO  com.demoWeb.utils.MyListener -- *******************************
12:33:24.878 [Test worker] INFO  com.demoWeb.utils.MyListener -- The locator is By.id: FirstName
12:33:24.878 [Test worker] INFO  com.demoWeb.utils.MyListener -- **********************************************************
12:33:24.931 [Test worker] INFO  com.demoWeb.utils.MyListener -- The locator will find By.id: LastName
12:33:24.931 [Test worker] INFO  com.demoWeb.utils.MyListener -- *******************************
12:33:24.942 [Test worker] INFO  com.demoWeb.utils.MyListener -- The locator is By.id: LastName
12:33:24.942 [Test worker] INFO  com.demoWeb.utils.MyListener -- **********************************************************
12:33:25.036 [Test worker] INFO  com.demoWeb.utils.MyListener -- The locator will find By.id: LastName
12:33:25.036 [Test worker] INFO  com.demoWeb.utils.MyListener -- *******************************
12:33:25.046 [Test worker] INFO  com.demoWeb.utils.MyListener -- The locator is By.id: LastName
12:33:25.047 [Test worker] INFO  com.demoWeb.utils.MyListener -- **********************************************************
12:33:25.075 [Test worker] INFO  com.demoWeb.utils.MyListener -- The locator will find By.id: LastName
12:33:25.075 [Test worker] INFO  com.demoWeb.utils.MyListener -- *******************************
12:33:25.086 [Test worker] INFO  com.demoWeb.utils.MyListener -- The locator is By.id: LastName
12:33:25.086 [Test worker] INFO  com.demoWeb.utils.MyListener -- **********************************************************
12:33:25.123 [Test worker] INFO  com.demoWeb.utils.MyListener -- The locator will find By.id: Email
12:33:25.123 [Test worker] INFO  com.demoWeb.utils.MyListener -- *******************************
12:33:25.135 [Test worker] INFO  com.demoWeb.utils.MyListener -- The locator is By.id: Email
12:33:25.135 [Test worker] INFO  com.demoWeb.utils.MyListener -- **********************************************************
12:33:25.215 [Test worker] INFO  com.demoWeb.utils.MyListener -- The locator will find By.id: Email
12:33:25.216 [Test worker] INFO  com.demoWeb.utils.MyListener -- *******************************
12:33:25.225 [Test worker] INFO  com.demoWeb.utils.MyListener -- The locator is By.id: Email
12:33:25.225 [Test worker] INFO  com.demoWeb.utils.MyListener -- **********************************************************
12:33:25.258 [Test worker] INFO  com.demoWeb.utils.MyListener -- The locator will find By.id: Email
12:33:25.258 [Test worker] INFO  com.demoWeb.utils.MyListener -- *******************************
12:33:25.268 [Test worker] INFO  com.demoWeb.utils.MyListener -- The locator is By.id: Email
12:33:25.268 [Test worker] INFO  com.demoWeb.utils.MyListener -- **********************************************************
12:33:25.351 [Test worker] INFO  com.demoWeb.utils.MyListener -- The locator will find By.id: Password
12:33:25.351 [Test worker] INFO  com.demoWeb.utils.MyListener -- *******************************
12:33:25.363 [Test worker] INFO  com.demoWeb.utils.MyListener -- The locator is By.id: Password
12:33:25.363 [Test worker] INFO  com.demoWeb.utils.MyListener -- **********************************************************
12:33:25.433 [Test worker] INFO  com.demoWeb.utils.MyListener -- The locator will find By.id: Password
12:33:25.433 [Test worker] INFO  com.demoWeb.utils.MyListener -- *******************************
12:33:25.441 [Test worker] INFO  com.demoWeb.utils.MyListener -- The locator is By.id: Password
12:33:25.442 [Test worker] INFO  com.demoWeb.utils.MyListener -- **********************************************************
12:33:25.465 [Test worker] INFO  com.demoWeb.utils.MyListener -- The locator will find By.id: Password
12:33:25.466 [Test worker] INFO  com.demoWeb.utils.MyListener -- *******************************
12:33:25.472 [Test worker] INFO  com.demoWeb.utils.MyListener -- The locator is By.id: Password
12:33:25.472 [Test worker] INFO  com.demoWeb.utils.MyListener -- **********************************************************
12:33:25.524 [Test worker] INFO  com.demoWeb.utils.MyListener -- The locator will find By.id: ConfirmPassword
12:33:25.524 [Test worker] INFO  com.demoWeb.utils.MyListener -- *******************************
12:33:25.539 [Test worker] INFO  com.demoWeb.utils.MyListener -- The locator is By.id: ConfirmPassword
12:33:25.539 [Test worker] INFO  com.demoWeb.utils.MyListener -- **********************************************************
12:33:25.600 [Test worker] INFO  com.demoWeb.utils.MyListener -- The locator will find By.id: ConfirmPassword
12:33:25.601 [Test worker] INFO  com.demoWeb.utils.MyListener -- *******************************
12:33:25.613 [Test worker] INFO  com.demoWeb.utils.MyListener -- The locator is By.id: ConfirmPassword
12:33:25.613 [Test worker] INFO  com.demoWeb.utils.MyListener -- **********************************************************
12:33:25.654 [Test worker] INFO  com.demoWeb.utils.MyListener -- The locator will find By.id: ConfirmPassword
12:33:25.654 [Test worker] INFO  com.demoWeb.utils.MyListener -- *******************************
12:33:25.667 [Test worker] INFO  com.demoWeb.utils.MyListener -- The locator is By.id: ConfirmPassword
12:33:25.667 [Test worker] INFO  com.demoWeb.utils.MyListener -- **********************************************************
12:33:25.759 [Test worker] INFO  com.demoWeb.utils.MyListener -- The locator will find By.id: register-button
12:33:25.759 [Test worker] INFO  com.demoWeb.utils.MyListener -- *******************************
12:33:25.777 [Test worker] INFO  com.demoWeb.utils.MyListener -- The locator is By.id: register-button
12:33:25.777 [Test worker] INFO  com.demoWeb.utils.MyListener -- **********************************************************
12:33:26.591 [Test worker] INFO  com.demoWeb.utils.MyListener -- The locator will find By.xpath: //input[@class='button-1 register-continue-button']
12:33:26.591 [Test worker] INFO  com.demoWeb.utils.MyListener -- *******************************
12:33:26.613 [Test worker] INFO  com.demoWeb.utils.MyListener -- The locator is By.xpath: //input[@class='button-1 register-continue-button']
12:33:26.613 [Test worker] INFO  com.demoWeb.utils.MyListener -- **********************************************************
12:33:27.038 [Test worker] INFO  com.demo.tests.TestBase -- PASSED: newUserRegistrationPositiveWithCsvFileTest
12:33:27.039 [Test worker] INFO  com.demo.tests.TestBase -- Stop test
12:33:27.039 [Test worker] INFO  com.demo.tests.TestBase -- *********************************************************
12:33:27.897 [Test worker] INFO  com.demoWeb.fw.ApplicationManager -- Tests start in Chrome browser
12:33:28.794 [Test worker] INFO  com.demo.tests.TestBase -- Start testnewUserRegistrationPositiveWithCsvFileTest
12:33:28.795 [Test worker] INFO  com.demoWeb.utils.MyListener -- Before find elements By.cssSelector: [href='/register']
12:33:28.795 [Test worker] INFO  com.demoWeb.utils.MyListener -- **********************************************************
12:33:28.840 [Test worker] INFO  com.demoWeb.utils.MyListener -- List size is 1
12:33:28.841 [Test worker] INFO  com.demoWeb.utils.MyListener -- **********************************************************
12:33:28.842 [Test worker] INFO  com.demoWeb.utils.MyListener -- The locator will find By.xpath: //a[text()='Register']
12:33:28.842 [Test worker] INFO  com.demoWeb.utils.MyListener -- *******************************
12:33:28.862 [Test worker] INFO  com.demoWeb.utils.MyListener -- The locator is By.xpath: //a[text()='Register']
12:33:28.862 [Test worker] INFO  com.demoWeb.utils.MyListener -- **********************************************************
12:33:29.395 [Test worker] INFO  com.demoWeb.utils.MyListener -- The locator will find By.id: FirstName
12:33:29.395 [Test worker] INFO  com.demoWeb.utils.MyListener -- *******************************
12:33:29.416 [Test worker] INFO  com.demoWeb.utils.MyListener -- The locator is By.id: FirstName
12:33:29.416 [Test worker] INFO  com.demoWeb.utils.MyListener -- **********************************************************
12:33:29.496 [Test worker] INFO  com.demoWeb.utils.MyListener -- The locator will find By.id: FirstName
12:33:29.496 [Test worker] INFO  com.demoWeb.utils.MyListener -- *******************************
12:33:29.509 [Test worker] INFO  com.demoWeb.utils.MyListener -- The locator is By.id: FirstName
12:33:29.509 [Test worker] INFO  com.demoWeb.utils.MyListener -- **********************************************************
12:33:29.563 [Test worker] INFO  com.demoWeb.utils.MyListener -- The locator will find By.id: FirstName
12:33:29.563 [Test worker] INFO  com.demoWeb.utils.MyListener -- *******************************
12:33:29.574 [Test worker] INFO  com.demoWeb.utils.MyListener -- The locator is By.id: FirstName
12:33:29.575 [Test worker] INFO  com.demoWeb.utils.MyListener -- **********************************************************
12:33:29.634 [Test worker] INFO  com.demoWeb.utils.MyListener -- The locator will find By.id: LastName
12:33:29.634 [Test worker] INFO  com.demoWeb.utils.MyListener -- *******************************
12:33:29.649 [Test worker] INFO  com.demoWeb.utils.MyListener -- The locator is By.id: LastName
12:33:29.649 [Test worker] INFO  com.demoWeb.utils.MyListener -- **********************************************************
12:33:29.723 [Test worker] INFO  com.demoWeb.utils.MyListener -- The locator will find By.id: LastName
12:33:29.724 [Test worker] INFO  com.demoWeb.utils.MyListener -- *******************************
12:33:29.739 [Test worker] INFO  com.demoWeb.utils.MyListener -- The locator is By.id: LastName
12:33:29.739 [Test worker] INFO  com.demoWeb.utils.MyListener -- **********************************************************
12:33:29.767 [Test worker] INFO  com.demoWeb.utils.MyListener -- The locator will find By.id: LastName
12:33:29.767 [Test worker] INFO  com.demoWeb.utils.MyListener -- *******************************
12:33:29.776 [Test worker] INFO  com.demoWeb.utils.MyListener -- The locator is By.id: LastName
12:33:29.776 [Test worker] INFO  com.demoWeb.utils.MyListener -- **********************************************************
12:33:29.820 [Test worker] INFO  com.demoWeb.utils.MyListener -- The locator will find By.id: Email
12:33:29.820 [Test worker] INFO  com.demoWeb.utils.MyListener -- *******************************
12:33:29.843 [Test worker] INFO  com.demoWeb.utils.MyListener -- The locator is By.id: Email
12:33:29.844 [Test worker] INFO  com.demoWeb.utils.MyListener -- **********************************************************
12:33:29.912 [Test worker] INFO  com.demoWeb.utils.MyListener -- The locator will find By.id: Email
12:33:29.913 [Test worker] INFO  com.demoWeb.utils.MyListener -- *******************************
12:33:29.927 [Test worker] INFO  com.demoWeb.utils.MyListener -- The locator is By.id: Email
12:33:29.927 [Test worker] INFO  com.demoWeb.utils.MyListener -- **********************************************************
12:33:29.955 [Test worker] INFO  com.demoWeb.utils.MyListener -- The locator will find By.id: Email
12:33:29.955 [Test worker] INFO  com.demoWeb.utils.MyListener -- *******************************
12:33:29.965 [Test worker] INFO  com.demoWeb.utils.MyListener -- The locator is By.id: Email
12:33:29.965 [Test worker] INFO  com.demoWeb.utils.MyListener -- **********************************************************
12:33:30.055 [Test worker] INFO  com.demoWeb.utils.MyListener -- The locator will find By.id: Password
12:33:30.055 [Test worker] INFO  com.demoWeb.utils.MyListener -- *******************************
12:33:30.067 [Test worker] INFO  com.demoWeb.utils.MyListener -- The locator is By.id: Password
12:33:30.067 [Test worker] INFO  com.demoWeb.utils.MyListener -- **********************************************************
12:33:30.124 [Test worker] INFO  com.demoWeb.utils.MyListener -- The locator will find By.id: Password
12:33:30.124 [Test worker] INFO  com.demoWeb.utils.MyListener -- *******************************
12:33:30.136 [Test worker] INFO  com.demoWeb.utils.MyListener -- The locator is By.id: Password
12:33:30.136 [Test worker] INFO  com.demoWeb.utils.MyListener -- **********************************************************
12:33:30.167 [Test worker] INFO  com.demoWeb.utils.MyListener -- The locator will find By.id: Password
12:33:30.168 [Test worker] INFO  com.demoWeb.utils.MyListener -- *******************************
12:33:30.187 [Test worker] INFO  com.demoWeb.utils.MyListener -- The locator is By.id: Password
12:33:30.188 [Test worker] INFO  com.demoWeb.utils.MyListener -- **********************************************************
12:33:30.254 [Test worker] INFO  com.demoWeb.utils.MyListener -- The locator will find By.id: ConfirmPassword
12:33:30.254 [Test worker] INFO  com.demoWeb.utils.MyListener -- *******************************
12:33:30.268 [Test worker] INFO  com.demoWeb.utils.MyListener -- The locator is By.id: ConfirmPassword
12:33:30.269 [Test worker] INFO  com.demoWeb.utils.MyListener -- **********************************************************
12:33:30.383 [Test worker] INFO  com.demoWeb.utils.MyListener -- The locator will find By.id: ConfirmPassword
12:33:30.384 [Test worker] INFO  com.demoWeb.utils.MyListener -- *******************************
12:33:30.406 [Test worker] INFO  com.demoWeb.utils.MyListener -- The locator is By.id: ConfirmPassword
12:33:30.406 [Test worker] INFO  com.demoWeb.utils.MyListener -- **********************************************************
12:33:30.456 [Test worker] INFO  com.demoWeb.utils.MyListener -- The locator will find By.id: ConfirmPassword
12:33:30.456 [Test worker] INFO  com.demoWeb.utils.MyListener -- *******************************
12:33:30.471 [Test worker] INFO  com.demoWeb.utils.MyListener -- The locator is By.id: ConfirmPassword
12:33:30.471 [Test worker] INFO  com.demoWeb.utils.MyListener -- **********************************************************
12:33:30.608 [Test worker] INFO  com.demoWeb.utils.MyListener -- The locator will find By.id: register-button
12:33:30.608 [Test worker] INFO  com.demoWeb.utils.MyListener -- *******************************
12:33:30.622 [Test worker] INFO  com.demoWeb.utils.MyListener -- The locator is By.id: register-button
12:33:30.624 [Test worker] INFO  com.demoWeb.utils.MyListener -- **********************************************************
12:33:31.525 [Test worker] INFO  com.demoWeb.utils.MyListener -- The locator will find By.xpath: //input[@class='button-1 register-continue-button']
12:33:31.525 [Test worker] INFO  com.demoWeb.utils.MyListener -- *******************************
12:33:31.542 [Test worker] INFO  com.demoWeb.utils.MyListener -- The locator is By.xpath: //input[@class='button-1 register-continue-button']
12:33:31.542 [Test worker] INFO  com.demoWeb.utils.MyListener -- **********************************************************
12:33:32.058 [Test worker] INFO  com.demo.tests.TestBase -- PASSED: newUserRegistrationPositiveWithCsvFileTest
12:33:32.058 [Test worker] INFO  com.demo.tests.TestBase -- Stop test
12:33:32.058 [Test worker] INFO  com.demo.tests.TestBase -- *********************************************************
]]></system-out>
  <system-err><![CDATA[????. 21, 2025 12:33:10 PM org.openqa.selenium.devtools.CdpVersionFinder findNearestMatch
WARNING: Unable to find CDP implementation matching 140
????. 21, 2025 12:33:10 PM org.openqa.selenium.chromium.ChromiumDriver lambda$new$4
WARNING: Unable to find version of CDP to use for 140.0.7339.128. You may need to include a dependency on a specific version of the CDP using something similar to `org.seleniumhq.selenium:selenium-devtools-v86:4.30.0` where the version ("v86") matches the version of the chromium-based browser you're using and the version number of the artifact is the same as Selenium's.
????. 21, 2025 12:33:14 PM org.openqa.selenium.devtools.CdpVersionFinder findNearestMatch
WARNING: Unable to find CDP implementation matching 140
????. 21, 2025 12:33:14 PM org.openqa.selenium.chromium.ChromiumDriver lambda$new$4
WARNING: Unable to find version of CDP to use for 140.0.7339.128. You may need to include a dependency on a specific version of the CDP using something similar to `org.seleniumhq.selenium:selenium-devtools-v86:4.30.0` where the version ("v86") matches the version of the chromium-based browser you're using and the version number of the artifact is the same as Selenium's.
????. 21, 2025 12:33:18 PM org.openqa.selenium.devtools.CdpVersionFinder findNearestMatch
WARNING: Unable to find CDP implementation matching 140
????. 21, 2025 12:33:18 PM org.openqa.selenium.chromium.ChromiumDriver lambda$new$4
WARNING: Unable to find version of CDP to use for 140.0.7339.128. You may need to include a dependency on a specific version of the CDP using something similar to `org.seleniumhq.selenium:selenium-devtools-v86:4.30.0` where the version ("v86") matches the version of the chromium-based browser you're using and the version number of the artifact is the same as Selenium's.
????. 21, 2025 12:33:23 PM org.openqa.selenium.devtools.CdpVersionFinder findNearestMatch
WARNING: Unable to find CDP implementation matching 140
????. 21, 2025 12:33:23 PM org.openqa.selenium.chromium.ChromiumDriver lambda$new$4
WARNING: Unable to find version of CDP to use for 140.0.7339.128. You may need to include a dependency on a specific version of the CDP using something similar to `org.seleniumhq.selenium:selenium-devtools-v86:4.30.0` where the version ("v86") matches the version of the chromium-based browser you're using and the version number of the artifact is the same as Selenium's.
????. 21, 2025 12:33:27 PM org.openqa.selenium.devtools.CdpVersionFinder findNearestMatch
WARNING: Unable to find CDP implementation matching 140
????. 21, 2025 12:33:27 PM org.openqa.selenium.chromium.ChromiumDriver lambda$new$4
WARNING: Unable to find version of CDP to use for 140.0.7339.128. You may need to include a dependency on a specific version of the CDP using something similar to `org.seleniumhq.selenium:selenium-devtools-v86:4.30.0` where the version ("v86") matches the version of the chromium-based browser you're using and the version number of the artifact is the same as Selenium's.
]]></system-err>
</testsuite>
