<?xml version="1.0" encoding="UTF-8"?>
<testsuite name="com.demo.tests.AddItemToCartTests" tests="1" skipped="0" failures="0" errors="0" timestamp="2025-09-21T11:38:01" hostname="DOM" time="1.074">
  <properties/>
  <testcase name="addToCardPositiveTest" classname="com.demo.tests.AddItemToCartTests" time="1.074"/>
  <system-out><![CDATA[13:37:59.601 [Test worker] INFO  com.demoWeb.fw.ApplicationManager -- Tests start in Chrome browser
13:38:00.727 [Test worker] INFO  com.demo.tests.TestBase -- Start testaddToCardPositiveTest
13:38:00.729 [Test worker] INFO  com.demoWeb.utils.MyListener -- Before find elements By.cssSelector: [href='/login']
13:38:00.730 [Test worker] INFO  com.demoWeb.utils.MyListener -- **********************************************************
13:38:00.754 [Test worker] INFO  com.demoWeb.utils.MyListener -- List size is 1
13:38:00.754 [Test worker] INFO  com.demoWeb.utils.MyListener -- **********************************************************
13:38:00.755 [Test worker] INFO  com.demoWeb.utils.MyListener -- Before find elements By.xpath: //h2[contains(text(),'Welcome to our store')]
13:38:00.756 [Test worker] INFO  com.demoWeb.utils.MyListener -- **********************************************************
13:38:00.767 [Test worker] INFO  com.demoWeb.utils.MyListener -- List size is 1
13:38:00.767 [Test worker] INFO  com.demoWeb.utils.MyListener -- **********************************************************
13:38:00.767 [Test worker] INFO  com.demoWeb.utils.MyListener -- The locator will find By.cssSelector: [href='/login']
13:38:00.767 [Test worker] INFO  com.demoWeb.utils.MyListener -- *******************************
13:38:00.777 [Test worker] INFO  com.demoWeb.utils.MyListener -- The locator is By.cssSelector: [href='/login']
13:38:00.777 [Test worker] INFO  com.demoWeb.utils.MyListener -- **********************************************************
13:38:01.270 [Test worker] INFO  com.demoWeb.utils.MyListener -- The locator will find By.id: Email
13:38:01.270 [Test worker] INFO  com.demoWeb.utils.MyListener -- *******************************
13:38:01.282 [Test worker] INFO  com.demoWeb.utils.MyListener -- The locator is By.id: Email
13:38:01.282 [Test worker] INFO  com.demoWeb.utils.MyListener -- **********************************************************
13:38:01.323 [Test worker] INFO  com.demoWeb.utils.MyListener -- The locator will find By.id: Email
13:38:01.324 [Test worker] INFO  com.demoWeb.utils.MyListener -- *******************************
13:38:01.331 [Test worker] INFO  com.demoWeb.utils.MyListener -- The locator is By.id: Email
13:38:01.331 [Test worker] INFO  com.demoWeb.utils.MyListener -- **********************************************************
13:38:01.349 [Test worker] INFO  com.demoWeb.utils.MyListener -- The locator will find By.id: Email
13:38:01.349 [Test worker] INFO  com.demoWeb.utils.MyListener -- *******************************
13:38:01.354 [Test worker] INFO  com.demoWeb.utils.MyListener -- The locator is By.id: Email
13:38:01.354 [Test worker] INFO  com.demoWeb.utils.MyListener -- **********************************************************
13:38:01.397 [Test worker] INFO  com.demoWeb.utils.MyListener -- The locator will find By.id: Password
13:38:01.397 [Test worker] INFO  com.demoWeb.utils.MyListener -- *******************************
13:38:01.399 [Test worker] INFO  com.demoWeb.utils.MyListener -- The locator is By.id: Password
13:38:01.399 [Test worker] INFO  com.demoWeb.utils.MyListener -- **********************************************************
13:38:01.445 [Test worker] INFO  com.demoWeb.utils.MyListener -- The locator will find By.id: Password
13:38:01.446 [Test worker] INFO  com.demoWeb.utils.MyListener -- *******************************
13:38:01.452 [Test worker] INFO  com.demoWeb.utils.MyListener -- The locator is By.id: Password
13:38:01.452 [Test worker] INFO  com.demoWeb.utils.MyListener -- **********************************************************
13:38:01.468 [Test worker] INFO  com.demoWeb.utils.MyListener -- The locator will find By.id: Password
13:38:01.468 [Test worker] INFO  com.demoWeb.utils.MyListener -- *******************************
13:38:01.474 [Test worker] INFO  com.demoWeb.utils.MyListener -- The locator is By.id: Password
13:38:01.475 [Test worker] INFO  com.demoWeb.utils.MyListener -- **********************************************************
13:38:01.501 [Test worker] INFO  com.demoWeb.utils.MyListener -- The locator will find By.xpath: //input[@value='Log in']
13:38:01.502 [Test worker] INFO  com.demoWeb.utils.MyListener -- *******************************
13:38:01.511 [Test worker] INFO  com.demoWeb.utils.MyListener -- The locator is By.xpath: //input[@value='Log in']
13:38:01.511 [Test worker] INFO  com.demoWeb.utils.MyListener -- **********************************************************
13:38:01.554 [Test worker] INFO  com.demoWeb.utils.MyListener -- The locator will find By.xpath: (//input[@value='Add to cart'])[2]
13:38:01.554 [Test worker] INFO  com.demoWeb.utils.MyListener -- *******************************
13:38:02.042 [Test worker] INFO  com.demoWeb.utils.MyListener -- The locator is By.xpath: (//input[@value='Add to cart'])[2]
13:38:02.042 [Test worker] INFO  com.demoWeb.utils.MyListener -- **********************************************************
13:38:02.103 [Test worker] INFO  com.demoWeb.utils.MyListener -- The locator will find By.xpath: //span[.='Shopping cart']
13:38:02.103 [Test worker] INFO  com.demoWeb.utils.MyListener -- *******************************
13:38:02.112 [Test worker] INFO  com.demoWeb.utils.MyListener -- The locator is By.xpath: //span[.='Shopping cart']
13:38:02.112 [Test worker] INFO  com.demoWeb.utils.MyListener -- **********************************************************
13:38:02.611 [Test worker] INFO  com.demoWeb.utils.MyListener -- Before find elements By.xpath: (//a[text()='14.1-inch Laptop'])[2]
13:38:02.611 [Test worker] INFO  com.demoWeb.utils.MyListener -- **********************************************************
13:38:02.612 [Test worker] INFO  com.demoWeb.utils.MyListener -- List size is 1
13:38:02.612 [Test worker] INFO  com.demoWeb.utils.MyListener -- **********************************************************
13:38:02.627 [Test worker] INFO  com.demo.tests.TestBase -- PASSED: addToCardPositiveTest
13:38:02.627 [Test worker] INFO  com.demo.tests.TestBase -- Stop test
13:38:02.627 [Test worker] INFO  com.demo.tests.TestBase -- *********************************************************
]]></system-out>
  <system-err><![CDATA[????. 21, 2025 1:37:59 PM org.openqa.selenium.devtools.CdpVersionFinder findNearestMatch
WARNING: Unable to find CDP implementation matching 140
????. 21, 2025 1:37:59 PM org.openqa.selenium.chromium.ChromiumDriver lambda$new$4
WARNING: Unable to find version of CDP to use for 140.0.7339.128. You may need to include a dependency on a specific version of the CDP using something similar to `org.seleniumhq.selenium:selenium-devtools-v86:4.30.0` where the version ("v86") matches the version of the chromium-based browser you're using and the version number of the artifact is the same as Selenium's.
]]></system-err>
</testsuite>
